<?xml version="1.0" encoding="UTF-8"?>
<testng-results skipped="0" failed="19" total="189" passed="170">
  <reporter-output>
  </reporter-output>
  <suite name="Suite1" duration-ms="10850" started-at="2015-06-03T15:32:01Z" finished-at="2015-06-03T15:32:12Z">
    <groups>
    </groups>
    <test name="Test" duration-ms="10850" started-at="2015-06-03T15:32:01Z" finished-at="2015-06-03T15:32:12Z">
      <class name="com.netease.user.QueryAuthUser">
        <test-method status="PASS" signature="queryAuthUser(java.lang.String, java.lang.String)[pri:0, instance:com.netease.user.QueryAuthUser@1cd072a9]" name="queryAuthUser" duration-ms="15" started-at="2015-06-03T15:32:12Z" finished-at="2015-06-03T15:32:12Z">
          <params>
            <param index="0">
              <value>
                <![CDATA[eecc698764a1403d846bef6f9a01d90d]]>
              </value>
            </param>
            <param index="1">
              <value>
                <![CDATA[200]]>
              </value>
            </param>
          </params>
        </test-method> <!-- queryAuthUser -->
        <test-method status="PASS" signature="queryAuthUser(java.lang.String, java.lang.String)[pri:0, instance:com.netease.user.QueryAuthUser@1cd072a9]" name="queryAuthUser" duration-ms="13" started-at="2015-06-03T15:32:12Z" finished-at="2015-06-03T15:32:12Z">
          <params>
            <param index="0">
              <value>
                <![CDATA[eecc698764a1403d846bef6f9a01d90]]>
              </value>
            </param>
            <param index="1">
              <value>
                <![CDATA[404]]>
              </value>
            </param>
          </params>
        </test-method> <!-- queryAuthUser -->
        <test-method status="PASS" signature="queryAuthUser(java.lang.String, java.lang.String)[pri:0, instance:com.netease.user.QueryAuthUser@1cd072a9]" name="queryAuthUser" duration-ms="13" started-at="2015-06-03T15:32:12Z" finished-at="2015-06-03T15:32:12Z">
          <params>
            <param index="0">
              <value>
                <![CDATA[wrongproductkey]]>
              </value>
            </param>
            <param index="1">
              <value>
                <![CDATA[404]]>
              </value>
            </param>
          </params>
        </test-method> <!-- queryAuthUser -->
        <test-method status="PASS" signature="queryAuthUser(java.lang.String, java.lang.String)[pri:0, instance:com.netease.user.QueryAuthUser@1cd072a9]" name="queryAuthUser" duration-ms="20" started-at="2015-06-03T15:32:12Z" finished-at="2015-06-03T15:32:12Z">
          <params>
            <param index="0">
              <value>
                <![CDATA[]]>
              </value>
            </param>
            <param index="1">
              <value>
                <![CDATA[404]]>
              </value>
            </param>
          </params>
        </test-method> <!-- queryAuthUser -->
      </class> <!-- com.netease.user.QueryAuthUser -->
      <class name="com.netease.thread.ModifyThread">
        <test-method status="PASS" signature="modifyRequest(java.lang.String, java.lang.String, java.lang.String, java.lang.String, boolean, boolean, boolean, boolean, java.lang.String, java.lang.String)[pri:0, instance:com.netease.thread.ModifyThread@4c203ea1]" name="modifyRequest" duration-ms="524" started-at="2015-06-03T15:32:05Z" finished-at="2015-06-03T15:32:05Z">
          <params>
            <param index="0">
              <value>
                <![CDATA[http://gentie.163.com:8181/api/v1/products/eecc698764a1403d846bef6f9a01d90d/threads/B014A5A11001768D]]>
              </value>
            </param>
            <param index="1">
              <value>
                <![CDATA[http://tie.163.com11112]]>
              </value>
            </param>
            <param index="2">
              <value>
                <![CDATA[test2]]>
              </value>
            </param>
            <param index="3">
              <value>
                <![CDATA[B014A5A11001768D]]>
              </value>
            </param>
            <param index="4">
              <value>
                <![CDATA[false]]>
              </value>
            </param>
            <param index="5">
              <value>
                <![CDATA[false]]>
              </value>
            </param>
            <param index="6">
              <value>
                <![CDATA[false]]>
              </value>
            </param>
            <param index="7">
              <value>
                <![CDATA[true]]>
              </value>
            </param>
            <param index="8">
              <value>
                <![CDATA[PUT]]>
              </value>
            </param>
            <param index="9">
              <value>
                <![CDATA[200]]>
              </value>
            </param>
          </params>
        </test-method> <!-- modifyRequest -->
        <test-method status="PASS" signature="modifyRequest(java.lang.String, java.lang.String, java.lang.String, java.lang.String, boolean, boolean, boolean, boolean, java.lang.String, java.lang.String)[pri:0, instance:com.netease.thread.ModifyThread@4c203ea1]" name="modifyRequest" duration-ms="310" started-at="2015-06-03T15:32:05Z" finished-at="2015-06-03T15:32:06Z">
          <params>
            <param index="0">
              <value>
                <![CDATA[http://gentie.163.com:8181/api/v1/products/eecc698764a1403d846bef6f9a01d90d/threads/B014A5A11001768D]]>
              </value>
            </param>
            <param index="1">
              <value>
                <![CDATA[]]>
              </value>
            </param>
            <param index="2">
              <value>
                <![CDATA[test1]]>
              </value>
            </param>
            <param index="3">
              <value>
                <![CDATA[C4C4A5A11001768F]]>
              </value>
            </param>
            <param index="4">
              <value>
                <![CDATA[false]]>
              </value>
            </param>
            <param index="5">
              <value>
                <![CDATA[false]]>
              </value>
            </param>
            <param index="6">
              <value>
                <![CDATA[false]]>
              </value>
            </param>
            <param index="7">
              <value>
                <![CDATA[true]]>
              </value>
            </param>
            <param index="8">
              <value>
                <![CDATA[PUT]]>
              </value>
            </param>
            <param index="9">
              <value>
                <![CDATA[200]]>
              </value>
            </param>
          </params>
        </test-method> <!-- modifyRequest -->
        <test-method status="PASS" signature="modifyRequest(java.lang.String, java.lang.String, java.lang.String, java.lang.String, boolean, boolean, boolean, boolean, java.lang.String, java.lang.String)[pri:0, instance:com.netease.thread.ModifyThread@4c203ea1]" name="modifyRequest" duration-ms="313" started-at="2015-06-03T15:32:06Z" finished-at="2015-06-03T15:32:06Z">
          <params>
            <param index="0">
              <value>
                <![CDATA[http://gentie.163.com:8181/api/v1/products/eecc698764a1403d846bef6f9a01d90d/threads/B014A5A11001768D]]>
              </value>
            </param>
            <param index="1">
              <value>
                <![CDATA[http]]>
              </value>
            </param>
            <param index="2">
              <value>
                <![CDATA[]]>
              </value>
            </param>
            <param index="3">
              <value>
                <![CDATA[C4C4A5A11001768R]]>
              </value>
            </param>
            <param index="4">
              <value>
                <![CDATA[false]]>
              </value>
            </param>
            <param index="5">
              <value>
                <![CDATA[false]]>
              </value>
            </param>
            <param index="6">
              <value>
                <![CDATA[false]]>
              </value>
            </param>
            <param index="7">
              <value>
                <![CDATA[true]]>
              </value>
            </param>
            <param index="8">
              <value>
                <![CDATA[PUT]]>
              </value>
            </param>
            <param index="9">
              <value>
                <![CDATA[200]]>
              </value>
            </param>
          </params>
        </test-method> <!-- modifyRequest -->
        <test-method status="PASS" signature="modifyRequest(java.lang.String, java.lang.String, java.lang.String, java.lang.String, boolean, boolean, boolean, boolean, java.lang.String, java.lang.String)[pri:0, instance:com.netease.thread.ModifyThread@4c203ea1]" name="modifyRequest" duration-ms="160" started-at="2015-06-03T15:32:06Z" finished-at="2015-06-03T15:32:06Z">
          <params>
            <param index="0">
              <value>
                <![CDATA[http://gentie.163.com:8181/api/v1/products/eecc698764a1403d846bef6f9a01d90d/threads/B014A5A11001768D]]>
              </value>
            </param>
            <param index="1">
              <value>
                <![CDATA[http]]>
              </value>
            </param>
            <param index="2">
              <value>
                <![CDATA[test]]>
              </value>
            </param>
            <param index="3">
              <value>
                <![CDATA[]]>
              </value>
            </param>
            <param index="4">
              <value>
                <![CDATA[false]]>
              </value>
            </param>
            <param index="5">
              <value>
                <![CDATA[false]]>
              </value>
            </param>
            <param index="6">
              <value>
                <![CDATA[false]]>
              </value>
            </param>
            <param index="7">
              <value>
                <![CDATA[true]]>
              </value>
            </param>
            <param index="8">
              <value>
                <![CDATA[PUT]]>
              </value>
            </param>
            <param index="9">
              <value>
                <![CDATA[200]]>
              </value>
            </param>
          </params>
        </test-method> <!-- modifyRequest -->
        <test-method status="PASS" signature="modifyRequest(java.lang.String, java.lang.String, java.lang.String, java.lang.String, boolean, boolean, boolean, boolean, java.lang.String, java.lang.String)[pri:0, instance:com.netease.thread.ModifyThread@4c203ea1]" name="modifyRequest" duration-ms="26" started-at="2015-06-03T15:32:06Z" finished-at="2015-06-03T15:32:06Z">
          <params>
            <param index="0">
              <value>
                <![CDATA[http://gentie.163.com:8181/api/v1/products/eecc698764a1403d846bef6f9a01d90d/threads/B014A5A11001768D]]>
              </value>
            </param>
            <param index="1">
              <value>
                <![CDATA[qwertyuiopqwertyuiopqwertyuiopqwertyuiopqwertyuiopqwertyuiopqwertyuiopqwertyuiopqwertyuiopqwertyuiopqwertyuiopqwertyuiopqwertyuiopqwertyuiopqwertyuiopqwertyuiopqwertyuiopqwertyuiopqwertyuiopqwertyuiopqwertyuiopqwertyuiopqwertyuiopqwertyuiopqwertyuiopqwertyuiopqwertyuiopqwertyuiopqwertyuiopqwertyuiop1]]>
              </value>
            </param>
            <param index="2">
              <value>
                <![CDATA[test5]]>
              </value>
            </param>
            <param index="3">
              <value>
                <![CDATA[C4C4A5A11001768F]]>
              </value>
            </param>
            <param index="4">
              <value>
                <![CDATA[false]]>
              </value>
            </param>
            <param index="5">
              <value>
                <![CDATA[false]]>
              </value>
            </param>
            <param index="6">
              <value>
                <![CDATA[false]]>
              </value>
            </param>
            <param index="7">
              <value>
                <![CDATA[true]]>
              </value>
            </param>
            <param index="8">
              <value>
                <![CDATA[PUT]]>
              </value>
            </param>
            <param index="9">
              <value>
                <![CDATA[422]]>
              </value>
            </param>
          </params>
        </test-method> <!-- modifyRequest -->
        <test-method status="PASS" signature="modifyRequest(java.lang.String, java.lang.String, java.lang.String, java.lang.String, boolean, boolean, boolean, boolean, java.lang.String, java.lang.String)[pri:0, instance:com.netease.thread.ModifyThread@4c203ea1]" name="modifyRequest" duration-ms="29" started-at="2015-06-03T15:32:06Z" finished-at="2015-06-03T15:32:06Z">
          <params>
            <param index="0">
              <value>
                <![CDATA[http://gentie.163.com:8181/api/v1/products/eecc698764a1403d846bef6f9a01d90d/threads/B014A5A11001768D]]>
              </value>
            </param>
            <param index="1">
              <value>
                <![CDATA[http://tie.163.com111]]>
              </value>
            </param>
            <param index="2">
              <value>
                <![CDATA[testtesttesttesttesttesttesttesttesttesttesttesttesttesttesttesttesttesttesttesttesttesttesttesttesttesttesttesttesttesttesttesttesttesttesttesttesttesttesttesttesttesttesttesttesttesttesttesttesttesttesttesttesttesttesttesttesttesttesttesttesttesttesttesttesttesttesttesttesttesttesttesttesttesttesttesttesttesttesttesttesttesttesttesttesttesttesttesttesttesttesttesttesttesttesttesttesttesttesttest1]]>
              </value>
            </param>
            <param index="3">
              <value>
                <![CDATA[C4C4A5A11001768F]]>
              </value>
            </param>
            <param index="4">
              <value>
                <![CDATA[false]]>
              </value>
            </param>
            <param index="5">
              <value>
                <![CDATA[false]]>
              </value>
            </param>
            <param index="6">
              <value>
                <![CDATA[false]]>
              </value>
            </param>
            <param index="7">
              <value>
                <![CDATA[true]]>
              </value>
            </param>
            <param index="8">
              <value>
                <![CDATA[PUT]]>
              </value>
            </param>
            <param index="9">
              <value>
                <![CDATA[422]]>
              </value>
            </param>
          </params>
        </test-method> <!-- modifyRequest -->
        <test-method status="PASS" signature="modifyRequest(java.lang.String, java.lang.String, java.lang.String, java.lang.String, boolean, boolean, boolean, boolean, java.lang.String, java.lang.String)[pri:0, instance:com.netease.thread.ModifyThread@4c203ea1]" name="modifyRequest" duration-ms="139" started-at="2015-06-03T15:32:06Z" finished-at="2015-06-03T15:32:06Z">
          <params>
            <param index="0">
              <value>
                <![CDATA[http://gentie.163.com:8181/api/v1/products/eecc698764a1403d846bef6f9a01d90d/threads/B014A5A11001768D]]>
              </value>
            </param>
            <param index="1">
              <value>
                <![CDATA[http://tie.163.com111]]>
              </value>
            </param>
            <param index="2">
              <value>
                <![CDATA[test6]]>
              </value>
            </param>
            <param index="3">
              <value>
                <![CDATA[C4C4A5A11001768Saaaaaa]]>
              </value>
            </param>
            <param index="4">
              <value>
                <![CDATA[false]]>
              </value>
            </param>
            <param index="5">
              <value>
                <![CDATA[false]]>
              </value>
            </param>
            <param index="6">
              <value>
                <![CDATA[false]]>
              </value>
            </param>
            <param index="7">
              <value>
                <![CDATA[true]]>
              </value>
            </param>
            <param index="8">
              <value>
                <![CDATA[PUT]]>
              </value>
            </param>
            <param index="9">
              <value>
                <![CDATA[200]]>
              </value>
            </param>
          </params>
        </test-method> <!-- modifyRequest -->
        <test-method status="PASS" signature="modifyRequest(java.lang.String, java.lang.String, java.lang.String, java.lang.String, boolean, boolean, boolean, boolean, java.lang.String, java.lang.String)[pri:0, instance:com.netease.thread.ModifyThread@4c203ea1]" name="modifyRequest" duration-ms="377" started-at="2015-06-03T15:32:06Z" finished-at="2015-06-03T15:32:07Z">
          <params>
            <param index="0">
              <value>
                <![CDATA[http://gentie.163.com:8181/api/v1/products/eecc698764a1403d846bef6f9a01d90d/threads/B014A5A11001768D]]>
              </value>
            </param>
            <param index="1">
              <value>
                <![CDATA[qertyuiopqwertyuiopqwertyuiopqwertyuiopqwertyuiopqwertyuiopqwertyuiopqwertyuiopqwertyuiopqwertyuiopqwertyuiopqwertyuiopqwertyuiopqwertyuiopqwertyuiopqwertyuiopqwertyuiopqwertyuiopqwertyuiopqwertyuiopqwertyuiopqwertyuiopqwertyuiopqwertyuiopqwertyuiopqwertyuiopqwertyuiopqwertyuiopqwertyuiopqwertyuiop1]]>
              </value>
            </param>
            <param index="2">
              <value>
                <![CDATA[test7]]>
              </value>
            </param>
            <param index="3">
              <value>
                <![CDATA[abc]]>
              </value>
            </param>
            <param index="4">
              <value>
                <![CDATA[false]]>
              </value>
            </param>
            <param index="5">
              <value>
                <![CDATA[false]]>
              </value>
            </param>
            <param index="6">
              <value>
                <![CDATA[false]]>
              </value>
            </param>
            <param index="7">
              <value>
                <![CDATA[true]]>
              </value>
            </param>
            <param index="8">
              <value>
                <![CDATA[PUT]]>
              </value>
            </param>
            <param index="9">
              <value>
                <![CDATA[200]]>
              </value>
            </param>
          </params>
        </test-method> <!-- modifyRequest -->
        <test-method status="PASS" signature="modifyRequest(java.lang.String, java.lang.String, java.lang.String, java.lang.String, boolean, boolean, boolean, boolean, java.lang.String, java.lang.String)[pri:0, instance:com.netease.thread.ModifyThread@4c203ea1]" name="modifyRequest" duration-ms="415" started-at="2015-06-03T15:32:07Z" finished-at="2015-06-03T15:32:07Z">
          <params>
            <param index="0">
              <value>
                <![CDATA[http://gentie.163.com:8181/api/v1/products/eecc698764a1403d846bef6f9a01d90d/threads/B014A5A11001768D]]>
              </value>
            </param>
            <param index="1">
              <value>
                <![CDATA[http://tie.163.com111]]>
              </value>
            </param>
            <param index="2">
              <value>
                <![CDATA[esttesttesttesttesttesttesttesttesttesttesttesttesttesttesttesttesttesttesttesttesttesttesttesttesttesttesttesttesttesttesttesttesttesttesttesttesttesttesttesttesttesttesttesttesttesttesttesttesttesttesttesttesttesttesttesttesttesttesttesttesttesttesttesttesttesttesttesttesttesttesttesttesttesttesttesttesttesttesttesttesttesttesttesttesttesttesttesttesttesttesttesttesttesttesttesttesttesttesttest1]]>
              </value>
            </param>
            <param index="3">
              <value>
                <![CDATA[abc]]>
              </value>
            </param>
            <param index="4">
              <value>
                <![CDATA[false]]>
              </value>
            </param>
            <param index="5">
              <value>
                <![CDATA[false]]>
              </value>
            </param>
            <param index="6">
              <value>
                <![CDATA[false]]>
              </value>
            </param>
            <param index="7">
              <value>
                <![CDATA[true]]>
              </value>
            </param>
            <param index="8">
              <value>
                <![CDATA[PUT]]>
              </value>
            </param>
            <param index="9">
              <value>
                <![CDATA[200]]>
              </value>
            </param>
          </params>
        </test-method> <!-- modifyRequest -->
        <test-method status="PASS" signature="modifyRequest(java.lang.String, java.lang.String, java.lang.String, java.lang.String, boolean, boolean, boolean, boolean, java.lang.String, java.lang.String)[pri:0, instance:com.netease.thread.ModifyThread@4c203ea1]" name="modifyRequest" duration-ms="207" started-at="2015-06-03T15:32:07Z" finished-at="2015-06-03T15:32:07Z">
          <params>
            <param index="0">
              <value>
                <![CDATA[http://gentie.163.com:8181/api/v1/products/eecc698764a1403d846bef6f9a01d90d/threads/B014A5A11001768D]]>
              </value>
            </param>
            <param index="1">
              <value>
                <![CDATA[http://tie.163.com111]]>
              </value>
            </param>
            <param index="2">
              <value>
                <![CDATA[test10]]>
              </value>
            </param>
            <param index="3">
              <value>
                <![CDATA[wertyuiopqwertyuiop]]>
              </value>
            </param>
            <param index="4">
              <value>
                <![CDATA[false]]>
              </value>
            </param>
            <param index="5">
              <value>
                <![CDATA[false]]>
              </value>
            </param>
            <param index="6">
              <value>
                <![CDATA[false]]>
              </value>
            </param>
            <param index="7">
              <value>
                <![CDATA[true]]>
              </value>
            </param>
            <param index="8">
              <value>
                <![CDATA[PUT]]>
              </value>
            </param>
            <param index="9">
              <value>
                <![CDATA[200]]>
              </value>
            </param>
          </params>
        </test-method> <!-- modifyRequest -->
      </class> <!-- com.netease.thread.ModifyThread -->
      <class name="com.netease.thread.QueryThread">
        <test-method status="FAIL" signature="queryThread(java.lang.String, java.lang.String, java.lang.String)[pri:0, instance:com.netease.thread.QueryThread@6bdf28bb]" name="queryThread" duration-ms="1004" started-at="2015-06-03T15:32:01Z" finished-at="2015-06-03T15:32:02Z">
          <params>
            <param index="0">
              <value>
                <![CDATA[C4C4A5A11001768D]]>
              </value>
            </param>
            <param index="1">
              <value>
                <![CDATA[eecc698764a1403d846bef6f9a01d90d]]>
              </value>
            </param>
            <param index="2">
              <value>
                <![CDATA[200]]>
              </value>
            </param>
          </params>
          <exception class="java.lang.AssertionError">
            <message>
              <![CDATA[expected:<200> but was:<404>]]>
            </message>
            <full-stacktrace>
              <![CDATA[java.lang.AssertionError: expected:<200> but was:<404>
	at org.testng.Assert.fail(Assert.java:89)
	at org.testng.Assert.failNotEquals(Assert.java:489)
	at org.testng.Assert.assertEquals(Assert.java:118)
	at org.testng.Assert.assertEquals(Assert.java:171)
	at org.testng.Assert.assertEquals(Assert.java:181)
	at com.netease.util.ReturnCheck.returnCheck(ReturnCheck.java:42)
	at com.netease.util.HttpRequest.httpGetRequest(HttpRequest.java:42)
	at com.netease.thread.QueryThread.queryThread(QueryThread.java:17)
	at sun.reflect.NativeMethodAccessorImpl.invoke0(Native Method)
	at sun.reflect.NativeMethodAccessorImpl.invoke(NativeMethodAccessorImpl.java:62)
	at sun.reflect.DelegatingMethodAccessorImpl.invoke(DelegatingMethodAccessorImpl.java:43)
	at java.lang.reflect.Method.invoke(Method.java:497)
	at org.testng.internal.MethodInvocationHelper.invokeMethod(MethodInvocationHelper.java:80)
	at org.testng.internal.Invoker.invokeMethod(Invoker.java:701)
	at org.testng.internal.Invoker.invokeTestMethod(Invoker.java:893)
	at org.testng.internal.Invoker.invokeTestMethods(Invoker.java:1218)
	at org.testng.internal.TestMethodWorker.invokeTestMethods(TestMethodWorker.java:127)
	at org.testng.internal.TestMethodWorker.run(TestMethodWorker.java:111)
	at org.testng.TestRunner.privateRun(TestRunner.java:758)
	at org.testng.TestRunner.run(TestRunner.java:613)
	at org.testng.SuiteRunner.runTest(SuiteRunner.java:334)
	at org.testng.SuiteRunner.runSequentially(SuiteRunner.java:329)
	at org.testng.SuiteRunner.privateRun(SuiteRunner.java:291)
	at org.testng.SuiteRunner.run(SuiteRunner.java:240)
	at org.testng.SuiteRunnerWorker.runSuite(SuiteRunnerWorker.java:53)
	at org.testng.SuiteRunnerWorker.run(SuiteRunnerWorker.java:87)
	at org.testng.TestNG.runSuitesSequentially(TestNG.java:1170)
	at org.testng.TestNG.runSuitesLocally(TestNG.java:1095)
	at org.testng.TestNG.run(TestNG.java:1007)
	at org.apache.maven.surefire.testng.TestNGExecutor.run(TestNGExecutor.java:77)
	at org.apache.maven.surefire.testng.TestNGXmlTestSuite.execute(TestNGXmlTestSuite.java:92)
	at org.apache.maven.surefire.Surefire.run(Surefire.java:177)
	at sun.reflect.NativeMethodAccessorImpl.invoke0(Native Method)
	at sun.reflect.NativeMethodAccessorImpl.invoke(NativeMethodAccessorImpl.java:62)
	at sun.reflect.DelegatingMethodAccessorImpl.invoke(DelegatingMethodAccessorImpl.java:43)
	at java.lang.reflect.Method.invoke(Method.java:497)
	at org.apache.maven.surefire.booter.SurefireBooter.runSuitesInProcess(SurefireBooter.java:334)
	at org.apache.maven.surefire.booter.SurefireBooter.main(SurefireBooter.java:980)
]]>
            </full-stacktrace>
          </exception> <!-- java.lang.AssertionError -->
        </test-method> <!-- queryThread -->
        <test-method status="PASS" signature="queryThread(java.lang.String, java.lang.String, java.lang.String)[pri:0, instance:com.netease.thread.QueryThread@6bdf28bb]" name="queryThread" duration-ms="18" started-at="2015-06-03T15:32:02Z" finished-at="2015-06-03T15:32:02Z">
          <params>
            <param index="0">
              <value>
                <![CDATA[11]]>
              </value>
            </param>
            <param index="1">
              <value>
                <![CDATA[wrongproduct]]>
              </value>
            </param>
            <param index="2">
              <value>
                <![CDATA[404]]>
              </value>
            </param>
          </params>
        </test-method> <!-- queryThread -->
        <test-method status="PASS" signature="queryThread(java.lang.String, java.lang.String, java.lang.String)[pri:0, instance:com.netease.thread.QueryThread@6bdf28bb]" name="queryThread" duration-ms="22" started-at="2015-06-03T15:32:02Z" finished-at="2015-06-03T15:32:02Z">
          <params>
            <param index="0">
              <value>
                <![CDATA[]]>
              </value>
            </param>
            <param index="1">
              <value>
                <![CDATA[eecc698764a1403d846bef6f9a01d90d]]>
              </value>
            </param>
            <param index="2">
              <value>
                <![CDATA[404]]>
              </value>
            </param>
          </params>
        </test-method> <!-- queryThread -->
        <test-method status="PASS" signature="queryThread(java.lang.String, java.lang.String, java.lang.String)[pri:0, instance:com.netease.thread.QueryThread@6bdf28bb]" name="queryThread" duration-ms="25" started-at="2015-06-03T15:32:02Z" finished-at="2015-06-03T15:32:02Z">
          <params>
            <param index="0">
              <value>
                <![CDATA[A014A5A11001768]]>
              </value>
            </param>
            <param index="1">
              <value>
                <![CDATA[eecc698764a1403d846bef6f9a01d90d]]>
              </value>
            </param>
            <param index="2">
              <value>
                <![CDATA[404]]>
              </value>
            </param>
          </params>
        </test-method> <!-- queryThread -->
        <test-method status="PASS" signature="queryThread(java.lang.String, java.lang.String, java.lang.String)[pri:0, instance:com.netease.thread.QueryThread@6bdf28bb]" name="queryThread" duration-ms="18" started-at="2015-06-03T15:32:02Z" finished-at="2015-06-03T15:32:02Z">
          <params>
            <param index="0">
              <value>
                <![CDATA[A014A5A11001768]]>
              </value>
            </param>
            <param index="1">
              <value>
                <![CDATA[]]>
              </value>
            </param>
            <param index="2">
              <value>
                <![CDATA[404]]>
              </value>
            </param>
          </params>
        </test-method> <!-- queryThread -->
      </class> <!-- com.netease.thread.QueryThread -->
      <class name="com.netease.comment.VoteComment">
        <test-method status="FAIL" signature="voteComment(java.lang.String, java.lang.String, int, java.lang.String)[pri:0, instance:com.netease.comment.VoteComment@2752f6e2]" name="voteComment" duration-ms="19" started-at="2015-06-03T15:32:10Z" finished-at="2015-06-03T15:32:10Z">
          <params>
            <param index="0">
              <value>
                <![CDATA[A014A5A11001768D]]>
              </value>
            </param>
            <param index="1">
              <value>
                <![CDATA[eecc698764a1403d846bef6f9a01d90d]]>
              </value>
            </param>
            <param index="2">
              <value>
                <![CDATA[153697]]>
              </value>
            </param>
            <param index="3">
              <value>
                <![CDATA[200]]>
              </value>
            </param>
          </params>
          <exception class="java.lang.AssertionError">
            <message>
              <![CDATA[expected:<200> but was:<404>]]>
            </message>
            <full-stacktrace>
              <![CDATA[java.lang.AssertionError: expected:<200> but was:<404>
	at org.testng.Assert.fail(Assert.java:89)
	at org.testng.Assert.failNotEquals(Assert.java:489)
	at org.testng.Assert.assertEquals(Assert.java:118)
	at org.testng.Assert.assertEquals(Assert.java:171)
	at org.testng.Assert.assertEquals(Assert.java:181)
	at com.netease.util.ReturnCheck.returnCheck(ReturnCheck.java:42)
	at com.netease.util.HttpRequest.httpPostRequest(HttpRequest.java:81)
	at com.netease.comment.VoteComment.voteComment(VoteComment.java:18)
	at sun.reflect.NativeMethodAccessorImpl.invoke0(Native Method)
	at sun.reflect.NativeMethodAccessorImpl.invoke(NativeMethodAccessorImpl.java:62)
	at sun.reflect.DelegatingMethodAccessorImpl.invoke(DelegatingMethodAccessorImpl.java:43)
	at java.lang.reflect.Method.invoke(Method.java:497)
	at org.testng.internal.MethodInvocationHelper.invokeMethod(MethodInvocationHelper.java:80)
	at org.testng.internal.Invoker.invokeMethod(Invoker.java:701)
	at org.testng.internal.Invoker.invokeTestMethod(Invoker.java:893)
	at org.testng.internal.Invoker.invokeTestMethods(Invoker.java:1218)
	at org.testng.internal.TestMethodWorker.invokeTestMethods(TestMethodWorker.java:127)
	at org.testng.internal.TestMethodWorker.run(TestMethodWorker.java:111)
	at org.testng.TestRunner.privateRun(TestRunner.java:758)
	at org.testng.TestRunner.run(TestRunner.java:613)
	at org.testng.SuiteRunner.runTest(SuiteRunner.java:334)
	at org.testng.SuiteRunner.runSequentially(SuiteRunner.java:329)
	at org.testng.SuiteRunner.privateRun(SuiteRunner.java:291)
	at org.testng.SuiteRunner.run(SuiteRunner.java:240)
	at org.testng.SuiteRunnerWorker.runSuite(SuiteRunnerWorker.java:53)
	at org.testng.SuiteRunnerWorker.run(SuiteRunnerWorker.java:87)
	at org.testng.TestNG.runSuitesSequentially(TestNG.java:1170)
	at org.testng.TestNG.runSuitesLocally(TestNG.java:1095)
	at org.testng.TestNG.run(TestNG.java:1007)
	at org.apache.maven.surefire.testng.TestNGExecutor.run(TestNGExecutor.java:77)
	at org.apache.maven.surefire.testng.TestNGXmlTestSuite.execute(TestNGXmlTestSuite.java:92)
	at org.apache.maven.surefire.Surefire.run(Surefire.java:177)
	at sun.reflect.NativeMethodAccessorImpl.invoke0(Native Method)
	at sun.reflect.NativeMethodAccessorImpl.invoke(NativeMethodAccessorImpl.java:62)
	at sun.reflect.DelegatingMethodAccessorImpl.invoke(DelegatingMethodAccessorImpl.java:43)
	at java.lang.reflect.Method.invoke(Method.java:497)
	at org.apache.maven.surefire.booter.SurefireBooter.runSuitesInProcess(SurefireBooter.java:334)
	at org.apache.maven.surefire.booter.SurefireBooter.main(SurefireBooter.java:980)
]]>
            </full-stacktrace>
          </exception> <!-- java.lang.AssertionError -->
        </test-method> <!-- voteComment -->
        <test-method status="PASS" signature="voteComment(java.lang.String, java.lang.String, int, java.lang.String)[pri:0, instance:com.netease.comment.VoteComment@2752f6e2]" name="voteComment" duration-ms="12" started-at="2015-06-03T15:32:10Z" finished-at="2015-06-03T15:32:10Z">
          <params>
            <param index="0">
              <value>
                <![CDATA[asdfg]]>
              </value>
            </param>
            <param index="1">
              <value>
                <![CDATA[eecc698764a1403d846bef6f9a01d90d]]>
              </value>
            </param>
            <param index="2">
              <value>
                <![CDATA[11]]>
              </value>
            </param>
            <param index="3">
              <value>
                <![CDATA[404]]>
              </value>
            </param>
          </params>
        </test-method> <!-- voteComment -->
        <test-method status="PASS" signature="voteComment(java.lang.String, java.lang.String, int, java.lang.String)[pri:0, instance:com.netease.comment.VoteComment@2752f6e2]" name="voteComment" duration-ms="11" started-at="2015-06-03T15:32:10Z" finished-at="2015-06-03T15:32:10Z">
          <params>
            <param index="0">
              <value>
                <![CDATA[A014A5A11001768D]]>
              </value>
            </param>
            <param index="1">
              <value>
                <![CDATA[eecc698764a1403d846bef6f9a01d90d]]>
              </value>
            </param>
            <param index="2">
              <value>
                <![CDATA[100]]>
              </value>
            </param>
            <param index="3">
              <value>
                <![CDATA[404]]>
              </value>
            </param>
          </params>
        </test-method> <!-- voteComment -->
        <test-method status="PASS" signature="voteComment(java.lang.String, java.lang.String, int, java.lang.String)[pri:0, instance:com.netease.comment.VoteComment@2752f6e2]" name="voteComment" duration-ms="18" started-at="2015-06-03T15:32:10Z" finished-at="2015-06-03T15:32:10Z">
          <params>
            <param index="0">
              <value>
                <![CDATA[A014A5A11001768D]]>
              </value>
            </param>
            <param index="1">
              <value>
                <![CDATA[wrongproduct]]>
              </value>
            </param>
            <param index="2">
              <value>
                <![CDATA[397]]>
              </value>
            </param>
            <param index="3">
              <value>
                <![CDATA[404]]>
              </value>
            </param>
          </params>
        </test-method> <!-- voteComment -->
        <test-method status="PASS" signature="voteComment(java.lang.String, java.lang.String, int, java.lang.String)[pri:0, instance:com.netease.comment.VoteComment@2752f6e2]" name="voteComment" duration-ms="14" started-at="2015-06-03T15:32:10Z" finished-at="2015-06-03T15:32:10Z">
          <params>
            <param index="0">
              <value>
                <![CDATA[A014A5A11001768D]]>
              </value>
            </param>
            <param index="1">
              <value>
                <![CDATA[]]>
              </value>
            </param>
            <param index="2">
              <value>
                <![CDATA[397]]>
              </value>
            </param>
            <param index="3">
              <value>
                <![CDATA[404]]>
              </value>
            </param>
          </params>
        </test-method> <!-- voteComment -->
        <test-method status="PASS" signature="voteComment(java.lang.String, java.lang.String, int, java.lang.String)[pri:0, instance:com.netease.comment.VoteComment@2752f6e2]" name="voteComment" duration-ms="15" started-at="2015-06-03T15:32:10Z" finished-at="2015-06-03T15:32:10Z">
          <params>
            <param index="0">
              <value>
                <![CDATA[]]>
              </value>
            </param>
            <param index="1">
              <value>
                <![CDATA[eecc698764a1403d846bef6f9a01d90d]]>
              </value>
            </param>
            <param index="2">
              <value>
                <![CDATA[397]]>
              </value>
            </param>
            <param index="3">
              <value>
                <![CDATA[404]]>
              </value>
            </param>
          </params>
        </test-method> <!-- voteComment -->
        <test-method status="PASS" signature="voteComment(java.lang.String, java.lang.String, int, java.lang.String)[pri:0, instance:com.netease.comment.VoteComment@2752f6e2]" name="voteComment" duration-ms="14" started-at="2015-06-03T15:32:10Z" finished-at="2015-06-03T15:32:10Z">
          <params>
            <param index="0">
              <value>
                <![CDATA[]]>
              </value>
            </param>
            <param index="1">
              <value>
                <![CDATA[]]>
              </value>
            </param>
            <param index="2">
              <value>
                <![CDATA[1]]>
              </value>
            </param>
            <param index="3">
              <value>
                <![CDATA[404]]>
              </value>
            </param>
          </params>
        </test-method> <!-- voteComment -->
      </class> <!-- com.netease.comment.VoteComment -->
      <class name="com.netease.comment.QueryNewComment">
        <test-method status="PASS" signature="queryHotComment(java.lang.String, java.lang.String, java.lang.String, int, int, int, int, int)[pri:0, instance:com.netease.comment.QueryNewComment@e580929]" name="queryHotComment" duration-ms="37" started-at="2015-06-03T15:32:07Z" finished-at="2015-06-03T15:32:07Z">
          <params>
            <param index="0">
              <value>
                <![CDATA[A014A5A11001768D]]>
              </value>
            </param>
            <param index="1">
              <value>
                <![CDATA[eecc698764a1403d846bef6f9a01d90d]]>
              </value>
            </param>
            <param index="2">
              <value>
                <![CDATA[200]]>
              </value>
            </param>
            <param index="3">
              <value>
                <![CDATA[0]]>
              </value>
            </param>
            <param index="4">
              <value>
                <![CDATA[10]]>
              </value>
            </param>
            <param index="5">
              <value>
                <![CDATA[100]]>
              </value>
            </param>
            <param index="6">
              <value>
                <![CDATA[50]]>
              </value>
            </param>
            <param index="7">
              <value>
                <![CDATA[10]]>
              </value>
            </param>
          </params>
        </test-method> <!-- queryHotComment -->
        <test-method status="PASS" signature="queryHotComment(java.lang.String, java.lang.String, java.lang.String, int, int, int, int, int)[pri:0, instance:com.netease.comment.QueryNewComment@e580929]" name="queryHotComment" duration-ms="26" started-at="2015-06-03T15:32:07Z" finished-at="2015-06-03T15:32:07Z">
          <params>
            <param index="0">
              <value>
                <![CDATA[A014A5A11001768D]]>
              </value>
            </param>
            <param index="1">
              <value>
                <![CDATA[eecc698764a1403d846bef6f9a01d90d]]>
              </value>
            </param>
            <param index="2">
              <value>
                <![CDATA[200]]>
              </value>
            </param>
            <param index="3">
              <value>
                <![CDATA[0]]>
              </value>
            </param>
            <param index="4">
              <value>
                <![CDATA[9]]>
              </value>
            </param>
            <param index="5">
              <value>
                <![CDATA[90]]>
              </value>
            </param>
            <param index="6">
              <value>
                <![CDATA[45]]>
              </value>
            </param>
            <param index="7">
              <value>
                <![CDATA[18]]>
              </value>
            </param>
          </params>
        </test-method> <!-- queryHotComment -->
        <test-method status="PASS" signature="queryHotComment(java.lang.String, java.lang.String, java.lang.String, int, int, int, int, int)[pri:0, instance:com.netease.comment.QueryNewComment@e580929]" name="queryHotComment" duration-ms="26" started-at="2015-06-03T15:32:07Z" finished-at="2015-06-03T15:32:07Z">
          <params>
            <param index="0">
              <value>
                <![CDATA[A014A5A11001768D]]>
              </value>
            </param>
            <param index="1">
              <value>
                <![CDATA[eecc698764a1403d846bef6f9a01d90d]]>
              </value>
            </param>
            <param index="2">
              <value>
                <![CDATA[200]]>
              </value>
            </param>
            <param index="3">
              <value>
                <![CDATA[0]]>
              </value>
            </param>
            <param index="4">
              <value>
                <![CDATA[8]]>
              </value>
            </param>
            <param index="5">
              <value>
                <![CDATA[80]]>
              </value>
            </param>
            <param index="6">
              <value>
                <![CDATA[35]]>
              </value>
            </param>
            <param index="7">
              <value>
                <![CDATA[17]]>
              </value>
            </param>
          </params>
        </test-method> <!-- queryHotComment -->
        <test-method status="PASS" signature="queryHotComment(java.lang.String, java.lang.String, java.lang.String, int, int, int, int, int)[pri:0, instance:com.netease.comment.QueryNewComment@e580929]" name="queryHotComment" duration-ms="26" started-at="2015-06-03T15:32:07Z" finished-at="2015-06-03T15:32:07Z">
          <params>
            <param index="0">
              <value>
                <![CDATA[A014A5A11001768D]]>
              </value>
            </param>
            <param index="1">
              <value>
                <![CDATA[eecc698764a1403d846bef6f9a01d90d]]>
              </value>
            </param>
            <param index="2">
              <value>
                <![CDATA[200]]>
              </value>
            </param>
            <param index="3">
              <value>
                <![CDATA[0]]>
              </value>
            </param>
            <param index="4">
              <value>
                <![CDATA[7]]>
              </value>
            </param>
            <param index="5">
              <value>
                <![CDATA[70]]>
              </value>
            </param>
            <param index="6">
              <value>
                <![CDATA[25]]>
              </value>
            </param>
            <param index="7">
              <value>
                <![CDATA[16]]>
              </value>
            </param>
          </params>
        </test-method> <!-- queryHotComment -->
        <test-method status="PASS" signature="queryHotComment(java.lang.String, java.lang.String, java.lang.String, int, int, int, int, int)[pri:0, instance:com.netease.comment.QueryNewComment@e580929]" name="queryHotComment" duration-ms="27" started-at="2015-06-03T15:32:07Z" finished-at="2015-06-03T15:32:07Z">
          <params>
            <param index="0">
              <value>
                <![CDATA[A014A5A11001768D]]>
              </value>
            </param>
            <param index="1">
              <value>
                <![CDATA[eecc698764a1403d846bef6f9a01d90d]]>
              </value>
            </param>
            <param index="2">
              <value>
                <![CDATA[200]]>
              </value>
            </param>
            <param index="3">
              <value>
                <![CDATA[0]]>
              </value>
            </param>
            <param index="4">
              <value>
                <![CDATA[6]]>
              </value>
            </param>
            <param index="5">
              <value>
                <![CDATA[60]]>
              </value>
            </param>
            <param index="6">
              <value>
                <![CDATA[15]]>
              </value>
            </param>
            <param index="7">
              <value>
                <![CDATA[15]]>
              </value>
            </param>
          </params>
        </test-method> <!-- queryHotComment -->
        <test-method status="PASS" signature="queryHotComment(java.lang.String, java.lang.String, java.lang.String, int, int, int, int, int)[pri:0, instance:com.netease.comment.QueryNewComment@e580929]" name="queryHotComment" duration-ms="24" started-at="2015-06-03T15:32:07Z" finished-at="2015-06-03T15:32:07Z">
          <params>
            <param index="0">
              <value>
                <![CDATA[A014A5A11001768D]]>
              </value>
            </param>
            <param index="1">
              <value>
                <![CDATA[eecc698764a1403d846bef6f9a01d90d]]>
              </value>
            </param>
            <param index="2">
              <value>
                <![CDATA[200]]>
              </value>
            </param>
            <param index="3">
              <value>
                <![CDATA[0]]>
              </value>
            </param>
            <param index="4">
              <value>
                <![CDATA[5]]>
              </value>
            </param>
            <param index="5">
              <value>
                <![CDATA[50]]>
              </value>
            </param>
            <param index="6">
              <value>
                <![CDATA[16]]>
              </value>
            </param>
            <param index="7">
              <value>
                <![CDATA[14]]>
              </value>
            </param>
          </params>
        </test-method> <!-- queryHotComment -->
        <test-method status="PASS" signature="queryHotComment(java.lang.String, java.lang.String, java.lang.String, int, int, int, int, int)[pri:0, instance:com.netease.comment.QueryNewComment@e580929]" name="queryHotComment" duration-ms="24" started-at="2015-06-03T15:32:07Z" finished-at="2015-06-03T15:32:07Z">
          <params>
            <param index="0">
              <value>
                <![CDATA[A014A5A11001768D]]>
              </value>
            </param>
            <param index="1">
              <value>
                <![CDATA[eecc698764a1403d846bef6f9a01d90d]]>
              </value>
            </param>
            <param index="2">
              <value>
                <![CDATA[200]]>
              </value>
            </param>
            <param index="3">
              <value>
                <![CDATA[0]]>
              </value>
            </param>
            <param index="4">
              <value>
                <![CDATA[4]]>
              </value>
            </param>
            <param index="5">
              <value>
                <![CDATA[40]]>
              </value>
            </param>
            <param index="6">
              <value>
                <![CDATA[17]]>
              </value>
            </param>
            <param index="7">
              <value>
                <![CDATA[13]]>
              </value>
            </param>
          </params>
        </test-method> <!-- queryHotComment -->
        <test-method status="PASS" signature="queryHotComment(java.lang.String, java.lang.String, java.lang.String, int, int, int, int, int)[pri:0, instance:com.netease.comment.QueryNewComment@e580929]" name="queryHotComment" duration-ms="20" started-at="2015-06-03T15:32:07Z" finished-at="2015-06-03T15:32:08Z">
          <params>
            <param index="0">
              <value>
                <![CDATA[A014A5A11001768D]]>
              </value>
            </param>
            <param index="1">
              <value>
                <![CDATA[eecc698764a1403d846bef6f9a01d90d]]>
              </value>
            </param>
            <param index="2">
              <value>
                <![CDATA[200]]>
              </value>
            </param>
            <param index="3">
              <value>
                <![CDATA[0]]>
              </value>
            </param>
            <param index="4">
              <value>
                <![CDATA[3]]>
              </value>
            </param>
            <param index="5">
              <value>
                <![CDATA[30]]>
              </value>
            </param>
            <param index="6">
              <value>
                <![CDATA[18]]>
              </value>
            </param>
            <param index="7">
              <value>
                <![CDATA[12]]>
              </value>
            </param>
          </params>
        </test-method> <!-- queryHotComment -->
        <test-method status="PASS" signature="queryHotComment(java.lang.String, java.lang.String, java.lang.String, int, int, int, int, int)[pri:0, instance:com.netease.comment.QueryNewComment@e580929]" name="queryHotComment" duration-ms="19" started-at="2015-06-03T15:32:08Z" finished-at="2015-06-03T15:32:08Z">
          <params>
            <param index="0">
              <value>
                <![CDATA[A014A5A11001768D]]>
              </value>
            </param>
            <param index="1">
              <value>
                <![CDATA[eecc698764a1403d846bef6f9a01d90d]]>
              </value>
            </param>
            <param index="2">
              <value>
                <![CDATA[200]]>
              </value>
            </param>
            <param index="3">
              <value>
                <![CDATA[0]]>
              </value>
            </param>
            <param index="4">
              <value>
                <![CDATA[2]]>
              </value>
            </param>
            <param index="5">
              <value>
                <![CDATA[20]]>
              </value>
            </param>
            <param index="6">
              <value>
                <![CDATA[10]]>
              </value>
            </param>
            <param index="7">
              <value>
                <![CDATA[11]]>
              </value>
            </param>
          </params>
        </test-method> <!-- queryHotComment -->
        <test-method status="PASS" signature="queryHotComment(java.lang.String, java.lang.String, java.lang.String, int, int, int, int, int)[pri:0, instance:com.netease.comment.QueryNewComment@e580929]" name="queryHotComment" duration-ms="17" started-at="2015-06-03T15:32:08Z" finished-at="2015-06-03T15:32:08Z">
          <params>
            <param index="0">
              <value>
                <![CDATA[A014A5A11001768D]]>
              </value>
            </param>
            <param index="1">
              <value>
                <![CDATA[eecc698764a1403d846bef6f9a01d90d]]>
              </value>
            </param>
            <param index="2">
              <value>
                <![CDATA[200]]>
              </value>
            </param>
            <param index="3">
              <value>
                <![CDATA[0]]>
              </value>
            </param>
            <param index="4">
              <value>
                <![CDATA[1]]>
              </value>
            </param>
            <param index="5">
              <value>
                <![CDATA[10]]>
              </value>
            </param>
            <param index="6">
              <value>
                <![CDATA[5]]>
              </value>
            </param>
            <param index="7">
              <value>
                <![CDATA[6]]>
              </value>
            </param>
          </params>
        </test-method> <!-- queryHotComment -->
        <test-method status="PASS" signature="queryHotComment(java.lang.String, java.lang.String, java.lang.String, int, int, int, int, int)[pri:0, instance:com.netease.comment.QueryNewComment@e580929]" name="queryHotComment" duration-ms="20" started-at="2015-06-03T15:32:08Z" finished-at="2015-06-03T15:32:08Z">
          <params>
            <param index="0">
              <value>
                <![CDATA[]]>
              </value>
            </param>
            <param index="1">
              <value>
                <![CDATA[eecc698764a1403d846bef6f9a01d90d]]>
              </value>
            </param>
            <param index="2">
              <value>
                <![CDATA[404]]>
              </value>
            </param>
            <param index="3">
              <value>
                <![CDATA[0]]>
              </value>
            </param>
            <param index="4">
              <value>
                <![CDATA[10]]>
              </value>
            </param>
            <param index="5">
              <value>
                <![CDATA[100]]>
              </value>
            </param>
            <param index="6">
              <value>
                <![CDATA[50]]>
              </value>
            </param>
            <param index="7">
              <value>
                <![CDATA[10]]>
              </value>
            </param>
          </params>
        </test-method> <!-- queryHotComment -->
        <test-method status="PASS" signature="queryHotComment(java.lang.String, java.lang.String, java.lang.String, int, int, int, int, int)[pri:0, instance:com.netease.comment.QueryNewComment@e580929]" name="queryHotComment" duration-ms="36" started-at="2015-06-03T15:32:08Z" finished-at="2015-06-03T15:32:08Z">
          <params>
            <param index="0">
              <value>
                <![CDATA[A024A5A110]]>
              </value>
            </param>
            <param index="1">
              <value>
                <![CDATA[eecc698764a1403d846bef6f9a01d90d]]>
              </value>
            </param>
            <param index="2">
              <value>
                <![CDATA[404]]>
              </value>
            </param>
            <param index="3">
              <value>
                <![CDATA[0]]>
              </value>
            </param>
            <param index="4">
              <value>
                <![CDATA[10]]>
              </value>
            </param>
            <param index="5">
              <value>
                <![CDATA[100]]>
              </value>
            </param>
            <param index="6">
              <value>
                <![CDATA[50]]>
              </value>
            </param>
            <param index="7">
              <value>
                <![CDATA[10]]>
              </value>
            </param>
          </params>
        </test-method> <!-- queryHotComment -->
        <test-method status="PASS" signature="queryHotComment(java.lang.String, java.lang.String, java.lang.String, int, int, int, int, int)[pri:0, instance:com.netease.comment.QueryNewComment@e580929]" name="queryHotComment" duration-ms="14" started-at="2015-06-03T15:32:08Z" finished-at="2015-06-03T15:32:08Z">
          <params>
            <param index="0">
              <value>
                <![CDATA[A014A5A11001768D]]>
              </value>
            </param>
            <param index="1">
              <value>
                <![CDATA[wrongproduct]]>
              </value>
            </param>
            <param index="2">
              <value>
                <![CDATA[404]]>
              </value>
            </param>
            <param index="3">
              <value>
                <![CDATA[0]]>
              </value>
            </param>
            <param index="4">
              <value>
                <![CDATA[10]]>
              </value>
            </param>
            <param index="5">
              <value>
                <![CDATA[100]]>
              </value>
            </param>
            <param index="6">
              <value>
                <![CDATA[50]]>
              </value>
            </param>
            <param index="7">
              <value>
                <![CDATA[10]]>
              </value>
            </param>
          </params>
        </test-method> <!-- queryHotComment -->
        <test-method status="PASS" signature="queryHotComment(java.lang.String, java.lang.String, java.lang.String, int, int, int, int, int)[pri:0, instance:com.netease.comment.QueryNewComment@e580929]" name="queryHotComment" duration-ms="18" started-at="2015-06-03T15:32:08Z" finished-at="2015-06-03T15:32:08Z">
          <params>
            <param index="0">
              <value>
                <![CDATA[A014A5A11001768D]]>
              </value>
            </param>
            <param index="1">
              <value>
                <![CDATA[]]>
              </value>
            </param>
            <param index="2">
              <value>
                <![CDATA[404]]>
              </value>
            </param>
            <param index="3">
              <value>
                <![CDATA[0]]>
              </value>
            </param>
            <param index="4">
              <value>
                <![CDATA[10]]>
              </value>
            </param>
            <param index="5">
              <value>
                <![CDATA[100]]>
              </value>
            </param>
            <param index="6">
              <value>
                <![CDATA[50]]>
              </value>
            </param>
            <param index="7">
              <value>
                <![CDATA[10]]>
              </value>
            </param>
          </params>
        </test-method> <!-- queryHotComment -->
        <test-method status="PASS" signature="queryHotComment(java.lang.String, java.lang.String, java.lang.String, int, int, int, int, int)[pri:0, instance:com.netease.comment.QueryNewComment@e580929]" name="queryHotComment" duration-ms="17" started-at="2015-06-03T15:32:08Z" finished-at="2015-06-03T15:32:08Z">
          <params>
            <param index="0">
              <value>
                <![CDATA[A014A5A11001768D]]>
              </value>
            </param>
            <param index="1">
              <value>
                <![CDATA[eecc698764a1403d846bef6f9a01d90d/aaa]]>
              </value>
            </param>
            <param index="2">
              <value>
                <![CDATA[404]]>
              </value>
            </param>
            <param index="3">
              <value>
                <![CDATA[0]]>
              </value>
            </param>
            <param index="4">
              <value>
                <![CDATA[10]]>
              </value>
            </param>
            <param index="5">
              <value>
                <![CDATA[100]]>
              </value>
            </param>
            <param index="6">
              <value>
                <![CDATA[50]]>
              </value>
            </param>
            <param index="7">
              <value>
                <![CDATA[10]]>
              </value>
            </param>
          </params>
        </test-method> <!-- queryHotComment -->
        <test-method status="PASS" signature="queryHotComment(java.lang.String, java.lang.String, java.lang.String, int, int, int, int, int)[pri:0, instance:com.netease.comment.QueryNewComment@e580929]" name="queryHotComment" duration-ms="13" started-at="2015-06-03T15:32:08Z" finished-at="2015-06-03T15:32:08Z">
          <params>
            <param index="0">
              <value>
                <![CDATA[A014A5A11001768D]]>
              </value>
            </param>
            <param index="1">
              <value>
                <![CDATA[eecc698764a1403d846bef6f9a01d90d]]>
              </value>
            </param>
            <param index="2">
              <value>
                <![CDATA[422]]>
              </value>
            </param>
            <param index="3">
              <value>
                <![CDATA[-1]]>
              </value>
            </param>
            <param index="4">
              <value>
                <![CDATA[10]]>
              </value>
            </param>
            <param index="5">
              <value>
                <![CDATA[100]]>
              </value>
            </param>
            <param index="6">
              <value>
                <![CDATA[50]]>
              </value>
            </param>
            <param index="7">
              <value>
                <![CDATA[10]]>
              </value>
            </param>
          </params>
        </test-method> <!-- queryHotComment -->
        <test-method status="PASS" signature="queryHotComment(java.lang.String, java.lang.String, java.lang.String, int, int, int, int, int)[pri:0, instance:com.netease.comment.QueryNewComment@e580929]" name="queryHotComment" duration-ms="14" started-at="2015-06-03T15:32:08Z" finished-at="2015-06-03T15:32:08Z">
          <params>
            <param index="0">
              <value>
                <![CDATA[A014A5A11001768D]]>
              </value>
            </param>
            <param index="1">
              <value>
                <![CDATA[eecc698764a1403d846bef6f9a01d90d]]>
              </value>
            </param>
            <param index="2">
              <value>
                <![CDATA[422]]>
              </value>
            </param>
            <param index="3">
              <value>
                <![CDATA[0]]>
              </value>
            </param>
            <param index="4">
              <value>
                <![CDATA[-1]]>
              </value>
            </param>
            <param index="5">
              <value>
                <![CDATA[100]]>
              </value>
            </param>
            <param index="6">
              <value>
                <![CDATA[50]]>
              </value>
            </param>
            <param index="7">
              <value>
                <![CDATA[10]]>
              </value>
            </param>
          </params>
        </test-method> <!-- queryHotComment -->
        <test-method status="PASS" signature="queryHotComment(java.lang.String, java.lang.String, java.lang.String, int, int, int, int, int)[pri:0, instance:com.netease.comment.QueryNewComment@e580929]" name="queryHotComment" duration-ms="12" started-at="2015-06-03T15:32:08Z" finished-at="2015-06-03T15:32:08Z">
          <params>
            <param index="0">
              <value>
                <![CDATA[A014A5A11001768D]]>
              </value>
            </param>
            <param index="1">
              <value>
                <![CDATA[eecc698764a1403d846bef6f9a01d90d]]>
              </value>
            </param>
            <param index="2">
              <value>
                <![CDATA[422]]>
              </value>
            </param>
            <param index="3">
              <value>
                <![CDATA[0]]>
              </value>
            </param>
            <param index="4">
              <value>
                <![CDATA[10]]>
              </value>
            </param>
            <param index="5">
              <value>
                <![CDATA[-1]]>
              </value>
            </param>
            <param index="6">
              <value>
                <![CDATA[50]]>
              </value>
            </param>
            <param index="7">
              <value>
                <![CDATA[10]]>
              </value>
            </param>
          </params>
        </test-method> <!-- queryHotComment -->
        <test-method status="PASS" signature="queryHotComment(java.lang.String, java.lang.String, java.lang.String, int, int, int, int, int)[pri:0, instance:com.netease.comment.QueryNewComment@e580929]" name="queryHotComment" duration-ms="13" started-at="2015-06-03T15:32:08Z" finished-at="2015-06-03T15:32:08Z">
          <params>
            <param index="0">
              <value>
                <![CDATA[A014A5A11001768D]]>
              </value>
            </param>
            <param index="1">
              <value>
                <![CDATA[eecc698764a1403d846bef6f9a01d90d]]>
              </value>
            </param>
            <param index="2">
              <value>
                <![CDATA[422]]>
              </value>
            </param>
            <param index="3">
              <value>
                <![CDATA[0]]>
              </value>
            </param>
            <param index="4">
              <value>
                <![CDATA[10]]>
              </value>
            </param>
            <param index="5">
              <value>
                <![CDATA[100]]>
              </value>
            </param>
            <param index="6">
              <value>
                <![CDATA[-1]]>
              </value>
            </param>
            <param index="7">
              <value>
                <![CDATA[10]]>
              </value>
            </param>
          </params>
        </test-method> <!-- queryHotComment -->
        <test-method status="PASS" signature="queryHotComment(java.lang.String, java.lang.String, java.lang.String, int, int, int, int, int)[pri:0, instance:com.netease.comment.QueryNewComment@e580929]" name="queryHotComment" duration-ms="16" started-at="2015-06-03T15:32:08Z" finished-at="2015-06-03T15:32:08Z">
          <params>
            <param index="0">
              <value>
                <![CDATA[A014A5A11001768D]]>
              </value>
            </param>
            <param index="1">
              <value>
                <![CDATA[eecc698764a1403d846bef6f9a01d90d]]>
              </value>
            </param>
            <param index="2">
              <value>
                <![CDATA[422]]>
              </value>
            </param>
            <param index="3">
              <value>
                <![CDATA[0]]>
              </value>
            </param>
            <param index="4">
              <value>
                <![CDATA[10]]>
              </value>
            </param>
            <param index="5">
              <value>
                <![CDATA[100]]>
              </value>
            </param>
            <param index="6">
              <value>
                <![CDATA[50]]>
              </value>
            </param>
            <param index="7">
              <value>
                <![CDATA[-1]]>
              </value>
            </param>
          </params>
        </test-method> <!-- queryHotComment -->
        <test-method status="PASS" signature="queryHotComment(java.lang.String, java.lang.String, java.lang.String, int, int, int, int, int)[pri:0, instance:com.netease.comment.QueryNewComment@e580929]" name="queryHotComment" duration-ms="22" started-at="2015-06-03T15:32:08Z" finished-at="2015-06-03T15:32:08Z">
          <params>
            <param index="0">
              <value>
                <![CDATA[A014A5A11001768D]]>
              </value>
            </param>
            <param index="1">
              <value>
                <![CDATA[eecc698764a1403d846bef6f9a01d90d]]>
              </value>
            </param>
            <param index="2">
              <value>
                <![CDATA[200]]>
              </value>
            </param>
            <param index="3">
              <value>
                <![CDATA[0]]>
              </value>
            </param>
            <param index="4">
              <value>
                <![CDATA[10]]>
              </value>
            </param>
            <param index="5">
              <value>
                <![CDATA[100]]>
              </value>
            </param>
            <param index="6">
              <value>
                <![CDATA[50]]>
              </value>
            </param>
            <param index="7">
              <value>
                <![CDATA[10]]>
              </value>
            </param>
          </params>
        </test-method> <!-- queryHotComment -->
        <test-method status="PASS" signature="queryHotComment(java.lang.String, java.lang.String, java.lang.String, int, int, int, int, int)[pri:0, instance:com.netease.comment.QueryNewComment@e580929]" name="queryHotComment" duration-ms="12" started-at="2015-06-03T15:32:08Z" finished-at="2015-06-03T15:32:08Z">
          <params>
            <param index="0">
              <value>
                <![CDATA[A014A5A11001768D]]>
              </value>
            </param>
            <param index="1">
              <value>
                <![CDATA[eecc698764a1403d846bef6f9a01d90d]]>
              </value>
            </param>
            <param index="2">
              <value>
                <![CDATA[422]]>
              </value>
            </param>
            <param index="3">
              <value>
                <![CDATA[10]]>
              </value>
            </param>
            <param index="4">
              <value>
                <![CDATA[101]]>
              </value>
            </param>
            <param index="5">
              <value>
                <![CDATA[100]]>
              </value>
            </param>
            <param index="6">
              <value>
                <![CDATA[50]]>
              </value>
            </param>
            <param index="7">
              <value>
                <![CDATA[10]]>
              </value>
            </param>
          </params>
        </test-method> <!-- queryHotComment -->
        <test-method status="PASS" signature="queryHotComment(java.lang.String, java.lang.String, java.lang.String, int, int, int, int, int)[pri:0, instance:com.netease.comment.QueryNewComment@e580929]" name="queryHotComment" duration-ms="12" started-at="2015-06-03T15:32:08Z" finished-at="2015-06-03T15:32:08Z">
          <params>
            <param index="0">
              <value>
                <![CDATA[A014A5A11001768D]]>
              </value>
            </param>
            <param index="1">
              <value>
                <![CDATA[eecc698764a1403d846bef6f9a01d90d]]>
              </value>
            </param>
            <param index="2">
              <value>
                <![CDATA[422]]>
              </value>
            </param>
            <param index="3">
              <value>
                <![CDATA[0]]>
              </value>
            </param>
            <param index="4">
              <value>
                <![CDATA[100]]>
              </value>
            </param>
            <param index="5">
              <value>
                <![CDATA[101]]>
              </value>
            </param>
            <param index="6">
              <value>
                <![CDATA[50]]>
              </value>
            </param>
            <param index="7">
              <value>
                <![CDATA[10]]>
              </value>
            </param>
          </params>
        </test-method> <!-- queryHotComment -->
        <test-method status="PASS" signature="queryHotComment(java.lang.String, java.lang.String, java.lang.String, int, int, int, int, int)[pri:0, instance:com.netease.comment.QueryNewComment@e580929]" name="queryHotComment" duration-ms="12" started-at="2015-06-03T15:32:08Z" finished-at="2015-06-03T15:32:08Z">
          <params>
            <param index="0">
              <value>
                <![CDATA[A014A5A11001768D]]>
              </value>
            </param>
            <param index="1">
              <value>
                <![CDATA[eecc698764a1403d846bef6f9a01d90d]]>
              </value>
            </param>
            <param index="2">
              <value>
                <![CDATA[422]]>
              </value>
            </param>
            <param index="3">
              <value>
                <![CDATA[0]]>
              </value>
            </param>
            <param index="4">
              <value>
                <![CDATA[10]]>
              </value>
            </param>
            <param index="5">
              <value>
                <![CDATA[100]]>
              </value>
            </param>
            <param index="6">
              <value>
                <![CDATA[101]]>
              </value>
            </param>
            <param index="7">
              <value>
                <![CDATA[10]]>
              </value>
            </param>
          </params>
        </test-method> <!-- queryHotComment -->
        <test-method status="PASS" signature="queryHotComment(java.lang.String, java.lang.String, java.lang.String, int, int, int, int, int)[pri:0, instance:com.netease.comment.QueryNewComment@e580929]" name="queryHotComment" duration-ms="13" started-at="2015-06-03T15:32:08Z" finished-at="2015-06-03T15:32:08Z">
          <params>
            <param index="0">
              <value>
                <![CDATA[A014A5A11001768D]]>
              </value>
            </param>
            <param index="1">
              <value>
                <![CDATA[eecc698764a1403d846bef6f9a01d90d]]>
              </value>
            </param>
            <param index="2">
              <value>
                <![CDATA[422]]>
              </value>
            </param>
            <param index="3">
              <value>
                <![CDATA[0]]>
              </value>
            </param>
            <param index="4">
              <value>
                <![CDATA[10]]>
              </value>
            </param>
            <param index="5">
              <value>
                <![CDATA[100]]>
              </value>
            </param>
            <param index="6">
              <value>
                <![CDATA[10]]>
              </value>
            </param>
            <param index="7">
              <value>
                <![CDATA[101]]>
              </value>
            </param>
          </params>
        </test-method> <!-- queryHotComment -->
        <test-method status="PASS" signature="queryHotComment(java.lang.String, java.lang.String, java.lang.String, int, int, int, int, int)[pri:0, instance:com.netease.comment.QueryNewComment@e580929]" name="queryHotComment" duration-ms="11" started-at="2015-06-03T15:32:08Z" finished-at="2015-06-03T15:32:08Z">
          <params>
            <param index="0">
              <value>
                <![CDATA[A014A5A11001768D]]>
              </value>
            </param>
            <param index="1">
              <value>
                <![CDATA[eecc698764a1403d846bef6f9a01d90d]]>
              </value>
            </param>
            <param index="2">
              <value>
                <![CDATA[422]]>
              </value>
            </param>
            <param index="3">
              <value>
                <![CDATA[0]]>
              </value>
            </param>
            <param index="4">
              <value>
                <![CDATA[10]]>
              </value>
            </param>
            <param index="5">
              <value>
                <![CDATA[100]]>
              </value>
            </param>
            <param index="6">
              <value>
                <![CDATA[50]]>
              </value>
            </param>
            <param index="7">
              <value>
                <![CDATA[101]]>
              </value>
            </param>
          </params>
        </test-method> <!-- queryHotComment -->
        <test-method status="PASS" signature="queryHotComment(java.lang.String, java.lang.String, java.lang.String, int, int, int, int, int)[pri:0, instance:com.netease.comment.QueryNewComment@e580929]" name="queryHotComment" duration-ms="22" started-at="2015-06-03T15:32:08Z" finished-at="2015-06-03T15:32:08Z">
          <params>
            <param index="0">
              <value>
                <![CDATA[A014A5A11001768D]]>
              </value>
            </param>
            <param index="1">
              <value>
                <![CDATA[eecc698764a1403d846bef6f9a01d90d]]>
              </value>
            </param>
            <param index="2">
              <value>
                <![CDATA[200]]>
              </value>
            </param>
            <param index="3">
              <value>
                <![CDATA[0]]>
              </value>
            </param>
            <param index="4">
              <value>
                <![CDATA[10]]>
              </value>
            </param>
            <param index="5">
              <value>
                <![CDATA[100]]>
              </value>
            </param>
            <param index="6">
              <value>
                <![CDATA[100]]>
              </value>
            </param>
            <param index="7">
              <value>
                <![CDATA[10]]>
              </value>
            </param>
          </params>
        </test-method> <!-- queryHotComment -->
      </class> <!-- com.netease.comment.QueryNewComment -->
      <class name="com.netease.thread.CreateThread">
        <test-method status="PASS" signature="creatThread(java.lang.String, java.lang.String, java.lang.String, int, boolean, boolean, boolean, boolean, java.lang.String, java.lang.String)[pri:0, instance:com.netease.thread.CreateThread@1d251891]" name="creatThread" duration-ms="864" started-at="2015-06-03T15:32:02Z" finished-at="2015-06-03T15:32:03Z">
          <params>
            <param index="0">
              <value>
                <![CDATA[http://gentie.163.com:8181/api/v1/products/eecc698764a1403d846bef6f9a01d90d/threads]]>
              </value>
            </param>
            <param index="1">
              <value>
                <![CDATA[http://tie.163.com1111]]>
              </value>
            </param>
            <param index="2">
              <value>
                <![CDATA[test1]]>
              </value>
            </param>
            <param index="3">
              <value>
                <![CDATA[16]]>
              </value>
            </param>
            <param index="4">
              <value>
                <![CDATA[true]]>
              </value>
            </param>
            <param index="5">
              <value>
                <![CDATA[true]]>
              </value>
[...]
	at org.testng.Assert.assertEquals(Assert.java:118)
	at org.testng.Assert.assertEquals(Assert.java:171)
	at org.testng.Assert.assertEquals(Assert.java:181)
	at com.netease.util.ReturnCheck.returnCheck(ReturnCheck.java:42)
	at com.netease.comment.CreateComment.createComment(CreateComment.java:48)
	at sun.reflect.NativeMethodAccessorImpl.invoke0(Native Method)
	at sun.reflect.NativeMethodAccessorImpl.invoke(NativeMethodAccessorImpl.java:62)
	at sun.reflect.DelegatingMethodAccessorImpl.invoke(DelegatingMethodAccessorImpl.java:43)
	at java.lang.reflect.Method.invoke(Method.java:497)
	at org.testng.internal.MethodInvocationHelper.invokeMethod(MethodInvocationHelper.java:80)
	at org.testng.internal.Invoker.invokeMethod(Invoker.java:701)
	at org.testng.internal.Invoker.invokeTestMethod(Invoker.java:893)
	at org.testng.internal.Invoker.invokeTestMethods(Invoker.java:1218)
	at org.testng.internal.TestMethodWorker.invokeTestMethods(TestMethodWorker.java:127)
	at org.testng.internal.TestMethodWorker.run(TestMethodWorker.java:111)
	at org.testng.TestRunner.privateRun(TestRunner.java:758)
	at org.testng.TestRunner.run(TestRunner.java:613)
	at org.testng.SuiteRunner.runTest(SuiteRunner.java:334)
	at org.testng.SuiteRunner.runSequentially(SuiteRunner.java:329)
	at org.testng.SuiteRunner.privateRun(SuiteRunner.java:291)
	at org.testng.SuiteRunner.run(SuiteRunner.java:240)
	at org.testng.SuiteRunnerWorker.runSuite(SuiteRunnerWorker.java:53)
	at org.testng.SuiteRunnerWorker.run(SuiteRunnerWorker.java:87)
	at org.testng.TestNG.runSuitesSequentially(TestNG.java:1170)
	at org.testng.TestNG.runSuitesLocally(TestNG.java:1095)
	at org.testng.TestNG.run(TestNG.java:1007)
	at org.apache.maven.surefire.testng.TestNGExecutor.run(TestNGExecutor.java:77)
	at org.apache.maven.surefire.testng.TestNGXmlTestSuite.execute(TestNGXmlTestSuite.java:92)
	at org.apache.maven.surefire.Surefire.run(Surefire.java:177)
	at sun.reflect.NativeMethodAccessorImpl.invoke0(Native Method)
	at sun.reflect.NativeMethodAccessorImpl.invoke(NativeMethodAccessorImpl.java:62)
	at sun.reflect.DelegatingMethodAccessorImpl.invoke(DelegatingMethodAccessorImpl.java:43)
	at java.lang.reflect.Method.invoke(Method.java:497)
	at org.apache.maven.surefire.booter.SurefireBooter.runSuitesInProcess(SurefireBooter.java:334)
	at org.apache.maven.surefire.booter.SurefireBooter.main(SurefireBooter.java:980)
]]>
            </full-stacktrace>
          </exception> <!-- java.lang.AssertionError -->
        </test-method> <!-- createComment -->
        <test-method status="PASS" signature="createComment(java.lang.String, java.lang.String, boolean, java.lang.String, java.lang.String, java.lang.String, java.lang.String, java.lang.String)[pri:0, instance:com.netease.comment.CreateComment@48140564]" name="createComment" duration-ms="56" started-at="2015-06-03T15:32:11Z" finished-at="2015-06-03T15:32:11Z">
          <params>
            <param index="0">
              <value>
                <![CDATA[eecc698764a1403d846bef6f9a01d90d]]>
              </value>
            </param>
            <param index="1">
              <value>
                <![CDATA[A014A5A11001768D]]>
              </value>
            </param>
            <param index="2">
              <value>
                <![CDATA[false]]>
              </value>
            </param>
            <param index="3">
              <value>
                <![CDATA[contenttest]]>
              </value>
            </param>
            <param index="4">
              <value>
                <![CDATA[153697]]>
              </value>
            </param>
            <param index="5">
              <value>
                <![CDATA[1urlteurlteurlteurlteurlteurlteurlteurlteurlteurlteurlteurlteurlteurlteurlteurlteurlteurlteurlteurlteurlteurlteurlteurlteurlteurlteurlteurlteurlteurlteurlteurlteurlteurlteurlteurlteurlteurlteurlteurlteurlteurlteurlteurlteurlteurlteurlteurlteurlteurlteurlteurlteurlteurlteurlteurlteurlteurlteurlteurlte]]>
              </value>
            </param>
            <param index="6">
              <value>
                <![CDATA[extsssssssss]]>
              </value>
            </param>
            <param index="7">
              <value>
                <![CDATA[422]]>
              </value>
            </param>
          </params>
        </test-method> <!-- createComment -->
        <test-method status="FAIL" signature="createComment(java.lang.String, java.lang.String, boolean, java.lang.String, java.lang.String, java.lang.String, java.lang.String, java.lang.String)[pri:0, instance:com.netease.comment.CreateComment@48140564]" name="createComment" duration-ms="27" started-at="2015-06-03T15:32:11Z" finished-at="2015-06-03T15:32:11Z">
          <params>
            <param index="0">
              <value>
                <![CDATA[eecc698764a1403d846bef6f9a01d90d]]>
              </value>
            </param>
            <param index="1">
              <value>
                <![CDATA[A014A5A11001768D]]>
              </value>
            </param>
            <param index="2">
              <value>
                <![CDATA[false]]>
              </value>
            </param>
            <param index="3">
              <value>
                <![CDATA[contenttest]]>
              </value>
            </param>
            <param index="4">
              <value>
                <![CDATA[153697]]>
              </value>
            </param>
            <param index="5">
              <value>
                <![CDATA[imageurlaaaa]]>
              </value>
            </param>
            <param index="6">
              <value>
                <![CDATA[1extaaextaaextaaextaaextaaextaaextaaextaaextaaextaaextaaextaaextaaextaaextaaextaaextaaextaaextaaextaaextaaextaaextaaextaaextaaextaaextaaextaaextaaextaaextaaextaaextaaextaaextaaextaaextaaextaaextaaextaaextaaextaaextaaextaaextaaextaaextaaextaaextaaextaaextaaextaaextaaextaaextaaextaaextaaextaaextaaextaaextaaextaaextaaextaaextaaextaaextaaextaaextaaextaaextaaextaaextaaextaaextaaextaaextaaextaaextaaextaaextaaextaaextaaextaaextaaextaaextaaextaaextaaextaaextaaextaaextaaextaaextaaextaaextaaextaaextaaextaaextaaextaaextaaextaaextaaextaaextaaextaaextaaextaaextaaextaaextaaextaaextaaextaaextaaextaaextaaextaaextaaextaaextaaextaaextaaextaaextaaextaaextaaextaaextaaextaaextaaextaaextaaextaaextaaextaaextaaextaa]]>
              </value>
            </param>
            <param index="7">
              <value>
                <![CDATA[422]]>
              </value>
            </param>
          </params>
          <exception class="java.lang.AssertionError">
            <message>
              <![CDATA[expected:<422> but was:<404>]]>
            </message>
            <full-stacktrace>
              <![CDATA[java.lang.AssertionError: expected:<422> but was:<404>
	at org.testng.Assert.fail(Assert.java:89)
	at org.testng.Assert.failNotEquals(Assert.java:489)
	at org.testng.Assert.assertEquals(Assert.java:118)
	at org.testng.Assert.assertEquals(Assert.java:171)
	at org.testng.Assert.assertEquals(Assert.java:181)
	at com.netease.util.ReturnCheck.returnCheck(ReturnCheck.java:42)
	at com.netease.comment.CreateComment.createComment(CreateComment.java:48)
	at sun.reflect.NativeMethodAccessorImpl.invoke0(Native Method)
	at sun.reflect.NativeMethodAccessorImpl.invoke(NativeMethodAccessorImpl.java:62)
	at sun.reflect.DelegatingMethodAccessorImpl.invoke(DelegatingMethodAccessorImpl.java:43)
	at java.lang.reflect.Method.invoke(Method.java:497)
	at org.testng.internal.MethodInvocationHelper.invokeMethod(MethodInvocationHelper.java:80)
	at org.testng.internal.Invoker.invokeMethod(Invoker.java:701)
	at org.testng.internal.Invoker.invokeTestMethod(Invoker.java:893)
	at org.testng.internal.Invoker.invokeTestMethods(Invoker.java:1218)
	at org.testng.internal.TestMethodWorker.invokeTestMethods(TestMethodWorker.java:127)
	at org.testng.internal.TestMethodWorker.run(TestMethodWorker.java:111)
	at org.testng.TestRunner.privateRun(TestRunner.java:758)
	at org.testng.TestRunner.run(TestRunner.java:613)
	at org.testng.SuiteRunner.runTest(SuiteRunner.java:334)
	at org.testng.SuiteRunner.runSequentially(SuiteRunner.java:329)
	at org.testng.SuiteRunner.privateRun(SuiteRunner.java:291)
	at org.testng.SuiteRunner.run(SuiteRunner.java:240)
	at org.testng.SuiteRunnerWorker.runSuite(SuiteRunnerWorker.java:53)
	at org.testng.SuiteRunnerWorker.run(SuiteRunnerWorker.java:87)
	at org.testng.TestNG.runSuitesSequentially(TestNG.java:1170)
	at org.testng.TestNG.runSuitesLocally(TestNG.java:1095)
	at org.testng.TestNG.run(TestNG.java:1007)
	at org.apache.maven.surefire.testng.TestNGExecutor.run(TestNGExecutor.java:77)
	at org.apache.maven.surefire.testng.TestNGXmlTestSuite.execute(TestNGXmlTestSuite.java:92)
	at org.apache.maven.surefire.Surefire.run(Surefire.java:177)
	at sun.reflect.NativeMethodAccessorImpl.invoke0(Native Method)
	at sun.reflect.NativeMethodAccessorImpl.invoke(NativeMethodAccessorImpl.java:62)
	at sun.reflect.DelegatingMethodAccessorImpl.invoke(DelegatingMethodAccessorImpl.java:43)
	at java.lang.reflect.Method.invoke(Method.java:497)
	at org.apache.maven.surefire.booter.SurefireBooter.runSuitesInProcess(SurefireBooter.java:334)
	at org.apache.maven.surefire.booter.SurefireBooter.main(SurefireBooter.java:980)
]]>
            </full-stacktrace>
          </exception> <!-- java.lang.AssertionError -->
        </test-method> <!-- createComment -->
      </class> <!-- com.netease.comment.CreateComment -->
      <class name="com.netease.comment.QueryComment">
        <test-method status="FAIL" signature="queryComment(java.lang.String, java.lang.String, java.lang.String, java.lang.String)[pri:0, instance:com.netease.comment.QueryComment@27f674d]" name="queryComment" duration-ms="43" started-at="2015-06-03T15:32:09Z" finished-at="2015-06-03T15:32:09Z">
          <params>
            <param index="0">
              <value>
                <![CDATA[A014A5A11001768D]]>
              </value>
            </param>
            <param index="1">
              <value>
                <![CDATA[eecc698764a1403d846bef6f9a01d90d]]>
              </value>
            </param>
            <param index="2">
              <value>
                <![CDATA[200]]>
              </value>
            </param>
            <param index="3">
              <value>
                <![CDATA[153697]]>
              </value>
            </param>
          </params>
          <exception class="java.lang.AssertionError">
            <message>
              <![CDATA[expected:<200> but was:<404>]]>
            </message>
            <full-stacktrace>
              <![CDATA[java.lang.AssertionError: expected:<200> but was:<404>
	at org.testng.Assert.fail(Assert.java:89)
	at org.testng.Assert.failNotEquals(Assert.java:489)
	at org.testng.Assert.assertEquals(Assert.java:118)
	at org.testng.Assert.assertEquals(Assert.java:171)
	at org.testng.Assert.assertEquals(Assert.java:181)
	at com.netease.util.ReturnCheck.returnCheck(ReturnCheck.java:42)
	at com.netease.util.HttpRequest.httpGetRequest(HttpRequest.java:42)
	at com.netease.comment.QueryComment.queryComment(QueryComment.java:15)
	at sun.reflect.NativeMethodAccessorImpl.invoke0(Native Method)
	at sun.reflect.NativeMethodAccessorImpl.invoke(NativeMethodAccessorImpl.java:62)
	at sun.reflect.DelegatingMethodAccessorImpl.invoke(DelegatingMethodAccessorImpl.java:43)
	at java.lang.reflect.Method.invoke(Method.java:497)
	at org.testng.internal.MethodInvocationHelper.invokeMethod(MethodInvocationHelper.java:80)
	at org.testng.internal.Invoker.invokeMethod(Invoker.java:701)
	at org.testng.internal.Invoker.invokeTestMethod(Invoker.java:893)
	at org.testng.internal.Invoker.invokeTestMethods(Invoker.java:1218)
	at org.testng.internal.TestMethodWorker.invokeTestMethods(TestMethodWorker.java:127)
	at org.testng.internal.TestMethodWorker.run(TestMethodWorker.java:111)
	at org.testng.TestRunner.privateRun(TestRunner.java:758)
	at org.testng.TestRunner.run(TestRunner.java:613)
	at org.testng.SuiteRunner.runTest(SuiteRunner.java:334)
	at org.testng.SuiteRunner.runSequentially(SuiteRunner.java:329)
	at org.testng.SuiteRunner.privateRun(SuiteRunner.java:291)
	at org.testng.SuiteRunner.run(SuiteRunner.java:240)
	at org.testng.SuiteRunnerWorker.runSuite(SuiteRunnerWorker.java:53)
	at org.testng.SuiteRunnerWorker.run(SuiteRunnerWorker.java:87)
	at org.testng.TestNG.runSuitesSequentially(TestNG.java:1170)
	at org.testng.TestNG.runSuitesLocally(TestNG.java:1095)
	at org.testng.TestNG.run(TestNG.java:1007)
	at org.apache.maven.surefire.testng.TestNGExecutor.run(TestNGExecutor.java:77)
	at org.apache.maven.surefire.testng.TestNGXmlTestSuite.execute(TestNGXmlTestSuite.java:92)
	at org.apache.maven.surefire.Surefire.run(Surefire.java:177)
	at sun.reflect.NativeMethodAccessorImpl.invoke0(Native Method)
	at sun.reflect.NativeMethodAccessorImpl.invoke(NativeMethodAccessorImpl.java:62)
	at sun.reflect.DelegatingMethodAccessorImpl.invoke(DelegatingMethodAccessorImpl.java:43)
	at java.lang.reflect.Method.invoke(Method.java:497)
	at org.apache.maven.surefire.booter.SurefireBooter.runSuitesInProcess(SurefireBooter.java:334)
	at org.apache.maven.surefire.booter.SurefireBooter.main(SurefireBooter.java:980)
]]>
            </full-stacktrace>
          </exception> <!-- java.lang.AssertionError -->
        </test-method> <!-- queryComment -->
        <test-method status="PASS" signature="queryComment(java.lang.String, java.lang.String, java.lang.String, java.lang.String)[pri:0, instance:com.netease.comment.QueryComment@27f674d]" name="queryComment" duration-ms="24" started-at="2015-06-03T15:32:09Z" finished-at="2015-06-03T15:32:09Z">
          <params>
            <param index="0">
              <value>
                <![CDATA[]]>
              </value>
            </param>
            <param index="1">
              <value>
                <![CDATA[eecc698764a1403d846bef6f9a01d90d]]>
              </value>
            </param>
            <param index="2">
              <value>
                <![CDATA[404]]>
              </value>
            </param>
            <param index="3">
              <value>
                <![CDATA[153697]]>
              </value>
            </param>
          </params>
        </test-method> <!-- queryComment -->
        <test-method status="PASS" signature="queryComment(java.lang.String, java.lang.String, java.lang.String, java.lang.String)[pri:0, instance:com.netease.comment.QueryComment@27f674d]" name="queryComment" duration-ms="35" started-at="2015-06-03T15:32:09Z" finished-at="2015-06-03T15:32:09Z">
          <params>
            <param index="0">
              <value>
                <![CDATA[A014A5A1]]>
              </value>
            </param>
            <param index="1">
              <value>
                <![CDATA[eecc698764a1403d846bef6f9a01d90d]]>
              </value>
            </param>
            <param index="2">
              <value>
                <![CDATA[404]]>
              </value>
            </param>
            <param index="3">
              <value>
                <![CDATA[153697]]>
              </value>
            </param>
          </params>
        </test-method> <!-- queryComment -->
        <test-method status="PASS" signature="queryComment(java.lang.String, java.lang.String, java.lang.String, java.lang.String)[pri:0, instance:com.netease.comment.QueryComment@27f674d]" name="queryComment" duration-ms="27" started-at="2015-06-03T15:32:09Z" finished-at="2015-06-03T15:32:10Z">
          <params>
            <param index="0">
              <value>
                <![CDATA[A014A5A11001768D]]>
              </value>
            </param>
            <param index="1">
              <value>
                <![CDATA[]]>
              </value>
            </param>
            <param index="2">
              <value>
                <![CDATA[404]]>
              </value>
            </param>
            <param index="3">
              <value>
                <![CDATA[153697]]>
              </value>
            </param>
          </params>
        </test-method> <!-- queryComment -->
        <test-method status="PASS" signature="queryComment(java.lang.String, java.lang.String, java.lang.String, java.lang.String)[pri:0, instance:com.netease.comment.QueryComment@27f674d]" name="queryComment" duration-ms="23" started-at="2015-06-03T15:32:10Z" finished-at="2015-06-03T15:32:10Z">
          <params>
            <param index="0">
              <value>
                <![CDATA[A014A5A11001768D]]>
              </value>
            </param>
            <param index="1">
              <value>
                <![CDATA[e98764a1403d846bef6f9a01d90d]]>
              </value>
            </param>
            <param index="2">
              <value>
                <![CDATA[404]]>
              </value>
            </param>
            <param index="3">
              <value>
                <![CDATA[153697]]>
              </value>
            </param>
          </params>
        </test-method> <!-- queryComment -->
        <test-method status="PASS" signature="queryComment(java.lang.String, java.lang.String, java.lang.String, java.lang.String)[pri:0, instance:com.netease.comment.QueryComment@27f674d]" name="queryComment" duration-ms="19" started-at="2015-06-03T15:32:10Z" finished-at="2015-06-03T15:32:10Z">
          <params>
            <param index="0">
              <value>
                <![CDATA[A014A5A11001768D]]>
              </value>
            </param>
            <param index="1">
              <value>
                <![CDATA[eecc698764a1403d846bef6f9a01d90d]]>
              </value>
            </param>
            <param index="2">
              <value>
                <![CDATA[404]]>
              </value>
            </param>
            <param index="3">
              <value>
                <![CDATA[]]>
              </value>
            </param>
          </params>
        </test-method> <!-- queryComment -->
        <test-method status="PASS" signature="queryComment(java.lang.String, java.lang.String, java.lang.String, java.lang.String)[pri:0, instance:com.netease.comment.QueryComment@27f674d]" name="queryComment" duration-ms="18" started-at="2015-06-03T15:32:10Z" finished-at="2015-06-03T15:32:10Z">
          <params>
            <param index="0">
              <value>
                <![CDATA[A014A5A11001768D]]>
              </value>
            </param>
            <param index="1">
              <value>
                <![CDATA[eecc698764a1403d846bef6f9a01d90d]]>
              </value>
            </param>
            <param index="2">
              <value>
                <![CDATA[404]]>
              </value>
            </param>
            <param index="3">
              <value>
                <![CDATA[17]]>
              </value>
            </param>
          </params>
        </test-method> <!-- queryComment -->
        <test-method status="PASS" signature="queryComment(java.lang.String, java.lang.String, java.lang.String, java.lang.String)[pri:0, instance:com.netease.comment.QueryComment@27f674d]" name="queryComment" duration-ms="21" started-at="2015-06-03T15:32:10Z" finished-at="2015-06-03T15:32:10Z">
          <params>
            <param index="0">
              <value>
                <![CDATA[B014A5A11001768D]]>
              </value>
            </param>
            <param index="1">
              <value>
                <![CDATA[eecc698764a1403d846bef6f9a01d90d]]>
              </value>
            </param>
            <param index="2">
              <value>
                <![CDATA[404]]>
              </value>
            </param>
            <param index="3">
              <value>
                <![CDATA[153697]]>
              </value>
            </param>
          </params>
        </test-method> <!-- queryComment -->
      </class> <!-- com.netease.comment.QueryComment -->
    </test> <!-- Test -->
  </suite> <!-- Suite1 -->
</testng-results>
