<?xml version="1.0" encoding="UTF-8" ?>
<testsuite tests="189" failures="19" name="TestSuite" time="12.127" errors="0" skipped="0">
  <properties>
[...]
</properties>
  <testcase name="queryThread" time="1.008">
    <failure message="expected:&amp;lt;200&amp;gt; but was:&amp;lt;404&amp;gt;" type="java.lang.AssertionError">java.lang.AssertionError: expected:&amp;lt;200&amp;gt; but was:&amp;lt;404&amp;gt;
	at org.testng.Assert.fail(Assert.java:89)
	at org.testng.Assert.failNotEquals(Assert.java:489)
	at org.testng.Assert.assertEquals(Assert.java:118)
	at org.testng.Assert.assertEquals(Assert.java:171)
	at org.testng.Assert.assertEquals(Assert.java:181)
	at com.netease.util.ReturnCheck.returnCheck(ReturnCheck.java:42)
	at com.netease.util.HttpRequest.httpGetRequest(HttpRequest.java:42)
	at com.netease.thread.QueryThread.queryThread(QueryThread.java:17)
</failure>
    <system-out>GET http://gentie.163.com:8181/api/v1/products/eecc698764a1403d846bef6f9a01d90d/threads/C4C4A5A11001768D HTTP/1.1
status:404
response content:{&quot;code&quot;:40402,&quot;message&quot;:&quot;No such thread&quot;}
</system-out>
  </testcase>
  <testcase name="queryThread" time="0.018"/>
  <testcase name="queryThread" time="0.022"/>
  <testcase name="queryThread" time="0.025"/>
  <testcase name="queryThread" time="0.017"/>
  <testcase name="creatThread" time="0.864"/>
  <testcase name="creatThread" time="0.031"/>
  <testcase name="creatThread" time="0.028"/>
  <testcase name="creatThread" time="0.028"/>
  <testcase name="creatThread" time="0.038"/>
  <testcase name="creatThread" time="0.028"/>
  <testcase name="creatThread" time="0.027"/>
  <testcase name="creatThread" time="0.858"/>
  <testcase name="creatThread" time="0.141"/>
  <testcase name="creatThread" time="0.798"/>
  <testcase name="modifyRequest" time="0.524"/>
  <testcase name="modifyRequest" time="0.311"/>
  <testcase name="modifyRequest" time="0.313"/>
  <testcase name="modifyRequest" time="0.161"/>
  <testcase name="modifyRequest" time="0.026"/>
  <testcase name="modifyRequest" time="0.029"/>
  <testcase name="modifyRequest" time="0.139"/>
  <testcase name="modifyRequest" time="0.377"/>
  <testcase name="modifyRequest" time="0.415"/>
  <testcase name="modifyRequest" time="0.206"/>
  <testcase name="queryHotComment" time="0.037"/>
  <testcase name="queryHotComment" time="0.025"/>
  <testcase name="queryHotComment" time="0.025"/>
  <testcase name="queryHotComment" time="0.026"/>
  <testcase name="queryHotComment" time="0.027"/>
  <testcase name="queryHotComment" time="0.024"/>
  <testcase name="queryHotComment" time="0.024"/>
  <testcase name="queryHotComment" time="0.02"/>
  <testcase name="queryHotComment" time="0.02"/>
  <testcase name="queryHotComment" time="0.017"/>
  <testcase name="queryHotComment" time="0.02"/>
  <testcase name="queryHotComment" time="0.035"/>
  <testcase name="queryHotComment" time="0.014"/>
  <testcase name="queryHotComment" time="0.017"/>
  <testcase name="queryHotComment" time="0.017"/>
  <testcase name="queryHotComment" time="0.012"/>
  <testcase name="queryHotComment" time="0.014"/>
  <testcase name="queryHotComment" time="0.012"/>
  <testcase name="queryHotComment" time="0.013"/>
  <testcase name="queryHotComment" time="0.016"/>
  <testcase name="queryHotComment" time="0.022"/>
  <testcase name="queryHotComment" time="0.012"/>
  <testcase name="queryHotComment" time="0.012"/>
  <testcase name="queryHotComment" time="0.012"/>
  <testcase name="queryHotComment" time="0.012"/>
  <testcase name="queryHotComment" time="0.011"/>
  <testcase name="queryHotComment" time="0.022"/>
  <testcase name="queryHotComment" time="0.017"/>
  <testcase name="queryHotComment" time="0.023"/>
  <testcase name="queryHotComment" time="0.019"/>
  <testcase name="queryHotComment" time="0.018"/>
  <testcase name="queryHotComment" time="0.017"/>
  <testcase name="queryHotComment" time="0.014"/>
  <testcase name="queryHotComment" time="0.015"/>
  <testcase name="queryHotComment" time="0.015"/>
  <testcase name="queryHotComment" time="0.016"/>
  <testcase name="queryHotComment" time="0.014"/>
  <testcase name="queryHotComment" time="0.056"/>
  <testcase name="queryHotComment" time="0.037"/>
  <testcase name="queryHotComment" time="0.026"/>
  <testcase name="queryHotComment" time="0.027"/>
  <testcase name="queryHotComment" time="0.025"/>
  <testcase name="queryHotComment" time="0.023"/>
  <testcase name="queryHotComment" time="0.026"/>
  <testcase name="queryHotComment" time="0.021"/>
  <testcase name="queryHotComment" time="0.024"/>
  <testcase name="queryHotComment" time="0.024"/>
  <testcase name="queryHotComment" time="0.027"/>
  <testcase name="queryHotComment" time="0.024"/>
  <testcase name="queryHotComment" time="0.021"/>
  <testcase name="queryHotComment" time="0.03"/>
  <testcase name="queryHotComment" time="0.027"/>
  <testcase name="queryHotComment" time="0.071"/>
  <testcase name="queryHotComment" time="0.025"/>
  <testcase name="queryUserComment" time="0.061"/>
  <testcase name="queryUserComment" time="0.047"/>
  <testcase name="queryUserComment" time="0.039"/>
  <testcase name="queryUserComment" time="0.036"/>
  <testcase name="queryUserComment" time="0.039"/>
  <testcase name="queryUserComment" time="0.036"/>
  <testcase name="queryUserComment" time="0.039"/>
  <testcase name="queryUserComment" time="0.031"/>
  <testcase name="queryUserComment" time="0.038"/>
  <testcase name="queryUserComment" time="0.036"/>
  <testcase name="queryUserComment" time="0.03"/>
  <testcase name="queryUserComment" time="0.025"/>
  <testcase name="queryUserComment" time="0.028">
    <failure message="expected:&amp;lt;400&amp;gt; but was:&amp;lt;422&amp;gt;" type="java.lang.AssertionError">java.lang.AssertionError: expected:&amp;lt;400&amp;gt; but was:&amp;lt;422&amp;gt;
	at org.testng.Assert.fail(Assert.java:89)
	at org.testng.Assert.failNotEquals(Assert.java:489)
	at org.testng.Assert.assertEquals(Assert.java:118)
	at org.testng.Assert.assertEquals(Assert.java:171)
	at org.testng.Assert.assertEquals(Assert.java:181)
	at com.netease.util.ReturnCheck.returnCheck(ReturnCheck.java:48)
	at com.netease.util.HttpRequest.httpGetRequest(HttpRequest.java:42)
	at com.netease.comment.QueryUserComment.queryUserComment(QueryUserComment.java:17)
</failure>
    <system-out>GET http://gentie.163.com:8181/api/v1//products/eecc698764a1403d846bef6f9a01d90d/users/As/comments/0/10/100/50/10 HTTP/1.1
status:422
response content:{&quot;code&quot;:42213,&quot;message&quot;:&quot;Illegal parameters&quot;}
</system-out>
  </testcase>
  <testcase name="queryUserComment" time="0.028"/>
  <testcase name="queryUserComment" time="0.029"/>
  <testcase name="queryUserComment" time="0.025"/>
  <testcase name="queryUserComment" time="0.02"/>
  <testcase name="queryUserComment" time="0.03"/>
  <testcase name="queryUserComment" time="0.031"/>
  <testcase name="queryUserComment" time="0.024"/>
  <testcase name="queryUserComment" time="0.02"/>
  <testcase name="queryUserComment" time="0.03"/>
  <testcase name="queryUserComment" time="0.024"/>
  <testcase name="queryUserComment" time="0.024"/>
  <testcase name="queryUserComment" time="0.018"/>
  <testcase name="queryUserComment" time="0.028"/>
  <testcase name="queryUserComment" time="0.025"/>
  <testcase name="queryUserComment" time="0.03"/>
  <testcase name="queryComment" time="0.043">
    <failure message="expected:&amp;lt;200&amp;gt; but was:&amp;lt;404&amp;gt;" type="java.lang.AssertionError">java.lang.AssertionError: expected:&amp;lt;200&amp;gt; but was:&amp;lt;404&amp;gt;
	at org.testng.Assert.fail(Assert.java:89)
	at org.testng.Assert.failNotEquals(Assert.java:489)
	at org.testng.Assert.assertEquals(Assert.java:118)
	at org.testng.Assert.assertEquals(Assert.java:171)
	at org.testng.Assert.assertEquals(Assert.java:181)
	at com.netease.util.ReturnCheck.returnCheck(ReturnCheck.java:42)
	at com.netease.util.HttpRequest.httpGetRequest(HttpRequest.java:42)
	at com.netease.comment.QueryComment.queryComment(QueryComment.java:15)
</failure>
    <system-out>GET http://gentie.163.com:8181/api/v1//products/eecc698764a1403d846bef6f9a01d90d/threads/A014A5A11001768D/comments/153697 HTTP/1.1
status:404
response content:{&quot;code&quot;:40403,&quot;message&quot;:&quot;No such comment&quot;}
</system-out>
  </testcase>
  <testcase name="queryComment" time="0.024"/>
  <testcase name="queryComment" time="0.034"/>
  <testcase name="queryComment" time="0.027"/>
  <testcase name="queryComment" time="0.023"/>
  <testcase name="queryComment" time="0.019"/>
  <testcase name="queryComment" time="0.018"/>
  <testcase name="queryComment" time="0.021"/>
  <testcase name="againstComment" time="0.028">
    <failure message="expected:&amp;lt;200&amp;gt; but was:&amp;lt;404&amp;gt;" type="java.lang.AssertionError">java.lang.AssertionError: expected:&amp;lt;200&amp;gt; but was:&amp;lt;404&amp;gt;
	at org.testng.Assert.fail(Assert.java:89)
	at org.testng.Assert.failNotEquals(Assert.java:489)
	at org.testng.Assert.assertEquals(Assert.java:118)
	at org.testng.Assert.assertEquals(Assert.java:171)
	at org.testng.Assert.assertEquals(Assert.java:181)
	at com.netease.util.ReturnCheck.returnCheck(ReturnCheck.java:42)
	at com.netease.util.HttpRequest.httpPostRequest(HttpRequest.java:81)
	at com.netease.comment.AgainstComment.againstComment(AgainstComment.java:17)
</failure>
    <system-out>status:404
response content:{&quot;code&quot;:40403,&quot;message&quot;:&quot;No such comment&quot;}
</system-out>
  </testcase>
  <testcase name="againstComment" time="0.023"/>
  <testcase name="againstComment" time="0.012"/>
  <testcase name="againstComment" time="0.012"/>
  <testcase name="againstComment" time="0.016"/>
  <testcase name="againstComment" time="0.018"/>
  <testcase name="againstComment" time="0.017"/>
  <testcase name="voteComment" time="0.019">
    <failure message="expected:&amp;lt;200&amp;gt; but was:&amp;lt;404&amp;gt;" type="java.lang.AssertionError">java.lang.AssertionError: expected:&amp;lt;200&amp;gt; but was:&amp;lt;404&amp;gt;
	at org.testng.Assert.fail(Assert.java:89)
	at org.testng.Assert.failNotEquals(Assert.java:489)
	at org.testng.Assert.assertEquals(Assert.java:118)
	at org.testng.Assert.assertEquals(Assert.java:171)
	at org.testng.Assert.assertEquals(Assert.java:181)
	at com.netease.util.ReturnCheck.returnCheck(ReturnCheck.java:42)
	at com.netease.util.HttpRequest.httpPostRequest(HttpRequest.java:81)
	at com.netease.comment.VoteComment.voteComment(VoteComment.java:18)
</failure>
    <system-out>status:404
response content:{&quot;code&quot;:40403,&quot;message&quot;:&quot;No such comment&quot;}
</system-out>
  </testcase>
  <testcase name="voteComment" time="0.013"/>
  <testcase name="voteComment" time="0.011"/>
  <testcase name="voteComment" time="0.019"/>
  <testcase name="voteComment" time="0.015"/>
  <testcase name="voteComment" time="0.015"/>
  <testcase name="voteComment" time="0.014"/>
  <testcase name="deleteComment" time="0.019">
    <failure message="expected:&amp;lt;204&amp;gt; but was:&amp;lt;404&amp;gt;" type="java.lang.AssertionError">java.lang.AssertionError: expected:&amp;lt;204&amp;gt; but was:&amp;lt;404&amp;gt;
	at org.testng.Assert.fail(Assert.java:89)
	at org.testng.Assert.failNotEquals(Assert.java:489)
	at org.testng.Assert.assertEquals(Assert.java:118)
	at org.testng.Assert.assertEquals(Assert.java:365)
	at org.testng.Assert.assertEquals(Assert.java:375)
	at com.netease.comment.DeleteComment.deleteComment(DeleteComment.java:41)
</failure>
  </testcase>
  <testcase name="deleteComment" time="0.013">
    <failure message="expected:&amp;lt;204&amp;gt; but was:&amp;lt;404&amp;gt;" type="java.lang.AssertionError">java.lang.AssertionError: expected:&amp;lt;204&amp;gt; but was:&amp;lt;404&amp;gt;
	at org.testng.Assert.fail(Assert.java:89)
	at org.testng.Assert.failNotEquals(Assert.java:489)
	at org.testng.Assert.assertEquals(Assert.java:118)
	at org.testng.Assert.assertEquals(Assert.java:365)
	at org.testng.Assert.assertEquals(Assert.java:375)
	at com.netease.comment.DeleteComment.deleteComment(DeleteComment.java:41)
</failure>
  </testcase>
  <testcase name="deleteComment" time="0.027"/>
  <testcase name="deleteComment" time="0.02"/>
  <testcase name="deleteComment" time="0.015"/>
  <testcase name="deleteComment" time="0.014"/>
  <testcase name="deleteComment" time="0.011"/>
  <testcase name="deleteComment" time="0.014"/>
  <testcase name="createComment" time="0.023">
    <failure message="expected:&amp;lt;201&amp;gt; but was:&amp;lt;404&amp;gt;" type="java.lang.AssertionError">java.lang.AssertionError: expected:&amp;lt;201&amp;gt; but was:&amp;lt;404&amp;gt;
	at org.testng.Assert.fail(Assert.java:89)
	at org.testng.Assert.failNotEquals(Assert.java:489)
	at org.testng.Assert.assertEquals(Assert.java:118)
	at org.testng.Assert.assertEquals(Assert.java:171)
	at org.testng.Assert.assertEquals(Assert.java:181)
	at com.netease.util.ReturnCheck.returnCheck(ReturnCheck.java:42)
	at com.netease.comment.CreateComment.createComment(CreateComment.java:48)
</failure>
    <system-out>response content:{&quot;code&quot;:40406,&quot;message&quot;:&quot;No such parent comment&quot;}
</system-out>
  </testcase>
  <testcase name="createComment" time="0.194"/>
  <testcase name="createComment" time="0.025">
    <failure message="expected:&amp;lt;201&amp;gt; but was:&amp;lt;404&amp;gt;" type="java.lang.AssertionError">java.lang.AssertionError: expected:&amp;lt;201&amp;gt; but was:&amp;lt;404&amp;gt;
	at org.testng.Assert.fail(Assert.java:89)
	at org.testng.Assert.failNotEquals(Assert.java:489)
	at org.testng.Assert.assertEquals(Assert.java:118)
	at org.testng.Assert.assertEquals(Assert.java:171)
	at org.testng.Assert.assertEquals(Assert.java:181)
	at com.netease.util.ReturnCheck.returnCheck(ReturnCheck.java:42)
	at com.netease.comment.CreateComment.createComment(CreateComment.java:48)
</failure>
    <system-out>response content:{&quot;code&quot;:40406,&quot;message&quot;:&quot;No such parent comment&quot;}
</system-out>
  </testcase>
  <testcase name="createComment" time="0.027">
    <failure message="expected:&amp;lt;422&amp;gt; but was:&amp;lt;404&amp;gt;" type="java.lang.AssertionError">java.lang.AssertionError: expected:&amp;lt;422&amp;gt; but was:&amp;lt;404&amp;gt;
	at org.testng.Assert.fail(Assert.java:89)
	at org.testng.Assert.failNotEquals(Assert.java:489)
	at org.testng.Assert.assertEquals(Assert.java:118)
	at org.testng.Assert.assertEquals(Assert.java:171)
	at org.testng.Assert.assertEquals(Assert.java:181)
	at com.netease.util.ReturnCheck.returnCheck(ReturnCheck.java:42)
	at com.netease.comment.CreateComment.createComment(CreateComment.java:48)
</failure>
    <system-out>response content:{&quot;code&quot;:40406,&quot;message&quot;:&quot;No such parent comment&quot;}
</system-out>
  </testcase>
  <testcase name="createComment" time="0.149"/>
  <testcase name="createComment" time="0.023">
    <failure message="expected:&amp;lt;201&amp;gt; but was:&amp;lt;404&amp;gt;" type="java.lang.AssertionError">java.lang.AssertionError: expected:&amp;lt;201&amp;gt; but was:&amp;lt;404&amp;gt;
	at org.testng.Assert.fail(Assert.java:89)
	at org.testng.Assert.failNotEquals(Assert.java:489)
	at org.testng.Assert.assertEquals(Assert.java:118)
	at org.testng.Assert.assertEquals(Assert.java:171)
	at org.testng.Assert.assertEquals(Assert.java:181)
	at com.netease.util.ReturnCheck.returnCheck(ReturnCheck.java:42)
	at com.netease.comment.CreateComment.createComment(CreateComment.java:48)
</failure>
    <system-out>response content:{&quot;code&quot;:40406,&quot;message&quot;:&quot;No such parent comment&quot;}
</system-out>
  </testcase>
  <testcase name="createComment" time="0.023">
    <failure message="expected:&amp;lt;201&amp;gt; but was:&amp;lt;404&amp;gt;" type="java.lang.AssertionError">java.lang.AssertionError: expected:&amp;lt;201&amp;gt; but was:&amp;lt;404&amp;gt;
	at org.testng.Assert.fail(Assert.java:89)
	at org.testng.Assert.failNotEquals(Assert.java:489)
	at org.testng.Assert.assertEquals(Assert.java:118)
	at org.testng.Assert.assertEquals(Assert.java:171)
	at org.testng.Assert.assertEquals(Assert.java:181)
	at com.netease.util.ReturnCheck.returnCheck(ReturnCheck.java:42)
	at com.netease.comment.CreateComment.createComment(CreateComment.java:48)
</failure>
    <system-out>response content:{&quot;code&quot;:40406,&quot;message&quot;:&quot;No such parent comment&quot;}
</system-out>
  </testcase>
  <testcase name="createComment" time="0.053"/>
  <testcase name="createComment" time="0.024">
    <failure message="expected:&amp;lt;201&amp;gt; but was:&amp;lt;404&amp;gt;" type="java.lang.AssertionError">java.lang.AssertionError: expected:&amp;lt;201&amp;gt; but was:&amp;lt;404&amp;gt;
	at org.testng.Assert.fail(Assert.java:89)
	at org.testng.Assert.failNotEquals(Assert.java:489)
	at org.testng.Assert.assertEquals(Assert.java:118)
	at org.testng.Assert.assertEquals(Assert.java:171)
	at org.testng.Assert.assertEquals(Assert.java:181)
	at com.netease.util.ReturnCheck.returnCheck(ReturnCheck.java:42)
	at com.netease.comment.CreateComment.createComment(CreateComment.java:48)
</failure>
    <system-out>response content:{&quot;code&quot;:40406,&quot;message&quot;:&quot;No such parent comment&quot;}
</system-out>
  </testcase>
  <testcase name="createComment" time="0.024">
    <failure message="expected:&amp;lt;201&amp;gt; but was:&amp;lt;404&amp;gt;" type="java.lang.AssertionError">java.lang.AssertionError: expected:&amp;lt;201&amp;gt; but was:&amp;lt;404&amp;gt;
	at org.testng.Assert.fail(Assert.java:89)
	at org.testng.Assert.failNotEquals(Assert.java:489)
	at org.testng.Assert.assertEquals(Assert.java:118)
	at org.testng.Assert.assertEquals(Assert.java:171)
	at org.testng.Assert.assertEquals(Assert.java:181)
	at com.netease.util.ReturnCheck.returnCheck(ReturnCheck.java:42)
	at com.netease.comment.CreateComment.createComment(CreateComment.java:48)
</failure>
    <system-out>response content:{&quot;code&quot;:40406,&quot;message&quot;:&quot;No such parent comment&quot;}
</system-out>
  </testcase>
  <testcase name="createComment" time="0.031">
    <failure message="expected:&amp;lt;201&amp;gt; but was:&amp;lt;404&amp;gt;" type="java.lang.AssertionError">java.lang.AssertionError: expected:&amp;lt;201&amp;gt; but was:&amp;lt;404&amp;gt;
	at org.testng.Assert.fail(Assert.java:89)
	at org.testng.Assert.failNotEquals(Assert.java:489)
	at org.testng.Assert.assertEquals(Assert.java:118)
	at org.testng.Assert.assertEquals(Assert.java:171)
	at org.testng.Assert.assertEquals(Assert.java:181)
	at com.netease.util.ReturnCheck.returnCheck(ReturnCheck.java:42)
	at com.netease.comment.CreateComment.createComment(CreateComment.java:48)
</failure>
    <system-out>response content:{&quot;code&quot;:40406,&quot;message&quot;:&quot;No such parent comment&quot;}
</system-out>
  </testcase>
  <testcase name="createComment" time="0.023">
    <failure message="expected:&amp;lt;201&amp;gt; but was:&amp;lt;404&amp;gt;" type="java.lang.AssertionError">java.lang.AssertionError: expected:&amp;lt;201&amp;gt; but was:&amp;lt;404&amp;gt;
	at org.testng.Assert.fail(Assert.java:89)
	at org.testng.Assert.failNotEquals(Assert.java:489)
	at org.testng.Assert.assertEquals(Assert.java:118)
	at org.testng.Assert.assertEquals(Assert.java:171)
	at org.testng.Assert.assertEquals(Assert.java:181)
	at com.netease.util.ReturnCheck.returnCheck(ReturnCheck.java:42)
	at com.netease.comment.CreateComment.createComment(CreateComment.java:48)
</failure>
    <system-out>response content:{&quot;code&quot;:40406,&quot;message&quot;:&quot;No such parent comment&quot;}
</system-out>
  </testcase>
  <testcase name="createComment" time="0.024">
    <failure message="expected:&amp;lt;201&amp;gt; but was:&amp;lt;404&amp;gt;" type="java.lang.AssertionError">java.lang.AssertionError: expected:&amp;lt;201&amp;gt; but was:&amp;lt;404&amp;gt;
	at org.testng.Assert.fail(Assert.java:89)
	at org.testng.Assert.failNotEquals(Assert.java:489)
	at org.testng.Assert.assertEquals(Assert.java:118)
	at org.testng.Assert.assertEquals(Assert.java:171)
	at org.testng.Assert.assertEquals(Assert.java:181)
	at com.netease.util.ReturnCheck.returnCheck(ReturnCheck.java:42)
	at com.netease.comment.CreateComment.createComment(CreateComment.java:48)
</failure>
    <system-out>response content:{&quot;code&quot;:40406,&quot;message&quot;:&quot;No such parent comment&quot;}
</system-out>
  </testcase>
  <testcase name="createComment" time="0.035">
    <failure message="expected:&amp;lt;422&amp;gt; but was:&amp;lt;404&amp;gt;" type="java.lang.AssertionError">java.lang.AssertionError: expected:&amp;lt;422&amp;gt; but was:&amp;lt;404&amp;gt;
	at org.testng.Assert.fail(Assert.java:89)
	at org.testng.Assert.failNotEquals(Assert.java:489)
	at org.testng.Assert.assertEquals(Assert.java:118)
	at org.testng.Assert.assertEquals(Assert.java:171)
	at org.testng.Assert.assertEquals(Assert.java:181)
	at com.netease.util.ReturnCheck.returnCheck(ReturnCheck.java:42)
	at com.netease.comment.CreateComment.createComment(CreateComment.java:48)
</failure>
    <system-out>response content:{&quot;code&quot;:40406,&quot;message&quot;:&quot;No such parent comment&quot;}
</system-out>
  </testcase>
  <testcase name="createComment" time="0.056"/>
  <testcase name="createComment" time="0.027">
    <failure message="expected:&amp;lt;422&amp;gt; but was:&amp;lt;404&amp;gt;" type="java.lang.AssertionError">java.lang.AssertionError: expected:&amp;lt;422&amp;gt; but was:&amp;lt;404&amp;gt;
	at org.testng.Assert.fail(Assert.java:89)
	at org.testng.Assert.failNotEquals(Assert.java:489)
	at org.testng.Assert.assertEquals(Assert.java:118)
	at org.testng.Assert.assertEquals(Assert.java:171)
	at org.testng.Assert.assertEquals(Assert.java:181)
	at com.netease.util.ReturnCheck.returnCheck(ReturnCheck.java:42)
	at com.netease.comment.CreateComment.createComment(CreateComment.java:48)
</failure>
    <system-out>response content:{&quot;code&quot;:40406,&quot;message&quot;:&quot;No such parent comment&quot;}
</system-out>
  </testcase>
  <testcase name="queryMyComment" time="0.024"/>
  <testcase name="queryMyComment" time="0.018"/>
  <testcase name="queryMyComment" time="0.017"/>
  <testcase name="queryMyComment" time="0.052"/>
  <testcase name="queryMyComment" time="0.025"/>
  <testcase name="queryMyComment" time="0.255"/>
  <testcase name="queryMyComment" time="0.016"/>
  <testcase name="queryMyComment" time="0.014"/>
  <testcase name="queryMyComment" time="0.014"/>
  <testcase name="queryMyComment" time="0.016"/>
  <testcase name="queryMyComment" time="0.016"/>
  <testcase name="queryMyComment" time="0.015"/>
  <testcase name="queryMyComment" time="0.032"/>
  <testcase name="queryMyComment" time="0.026"/>
  <testcase name="queryMyComment" time="0.022"/>
  <testcase name="queryMyComment" time="0.023"/>
  <testcase name="queryMyComment" time="0.014"/>
  <testcase name="queryMyComment" time="0.013"/>
  <testcase name="queryMyComment" time="0.017"/>
  <testcase name="queryMyComment" time="0.018"/>
  <testcase name="queryMyComment" time="0.017"/>
  <testcase name="queryMyComment" time="0.01"/>
  <testcase name="queryMyComment" time="0.022"/>
  <testcase name="queryMyComment" time="0.015"/>
  <testcase name="queryMyComment" time="0.013"/>
  <testcase name="queryMyComment" time="0.012"/>
  <testcase name="queryMyComment" time="0.016"/>
  <testcase name="queryAuthUser" time="0.015"/>
  <testcase name="queryAuthUser" time="0.013"/>
  <testcase name="queryAuthUser" time="0.013"/>
  <testcase name="queryAuthUser" time="0.019"/>
  <testcase name="queryUser" time="0.014"/>
  <testcase name="queryUser" time="0.01"/>
  <testcase name="queryUser" time="0.018"/>
  <testcase name="queryUser" time="0.019"/>
  <testcase name="queryUser" time="0.015"/>
</testsuite>