<?xml version="1.0" encoding="UTF-8"?>
<!-- Generated by org.testng.reporters.JUnitXMLReporter -->
<testsuite hostname="ZHOUJOSEPHdeMacBook-Air.local" name="Test" tests="200" failures="2" timestamp="5 Jun 2015 01:48:05 GMT" time="15.128" errors="0">
  <testcase name="queryThread" time="1.01" classname="com.netease.thread.QueryThread"/>
  <testcase name="queryThread" time="0.04" classname="com.netease.thread.QueryThread"/>
  <testcase name="queryThread" time="0.031" classname="com.netease.thread.QueryThread"/>
  <testcase name="queryThread" time="0.027" classname="com.netease.thread.QueryThread"/>
  <testcase name="queryThread" time="0.043" classname="com.netease.thread.QueryThread"/>
  <testcase name="queryThread" time="0.067" classname="com.netease.thread.QueryThread"/>
  <testcase name="creatThread" time="0.338" classname="com.netease.thread.CreateThread"/>
  <testcase name="creatThread" time="0.048" classname="com.netease.thread.CreateThread"/>
  <testcase name="creatThread" time="0.079" classname="com.netease.thread.CreateThread"/>
  <testcase name="creatThread" time="0.066" classname="com.netease.thread.CreateThread"/>
  <testcase name="creatThread" time="0.041" classname="com.netease.thread.CreateThread"/>
  <testcase name="creatThread" time="0.113" classname="com.netease.thread.CreateThread"/>
  <testcase name="creatThread" time="0.05" classname="com.netease.thread.CreateThread"/>
  <testcase name="creatThread" time="0.073" classname="com.netease.thread.CreateThread"/>
  <testcase name="creatThread" time="0.097" classname="com.netease.thread.CreateThread"/>
  <testcase name="creatThread" time="0.075" classname="com.netease.thread.CreateThread"/>
  <testcase name="modifyRequest" time="0.111" classname="com.netease.thread.ModifyThread"/>
  <testcase name="modifyRequest" time="0.077" classname="com.netease.thread.ModifyThread"/>
  <testcase name="modifyRequest" time="0.065" classname="com.netease.thread.ModifyThread"/>
  <testcase name="modifyRequest" time="0.091" classname="com.netease.thread.ModifyThread"/>
  <testcase name="modifyRequest" time="0.047" classname="com.netease.thread.ModifyThread"/>
  <testcase name="modifyRequest" time="0.048" classname="com.netease.thread.ModifyThread"/>
  <testcase name="modifyRequest" time="0.074" classname="com.netease.thread.ModifyThread"/>
  <testcase name="modifyRequest" time="0.103" classname="com.netease.thread.ModifyThread"/>
  <testcase name="modifyRequest" time="0.082" classname="com.netease.thread.ModifyThread"/>
  <testcase name="modifyRequest" time="0.097" classname="com.netease.thread.ModifyThread"/>
  <testcase name="queryHotComment" time="0.047" classname="com.netease.comment.QueryNewComment"/>
  <testcase name="queryHotComment" time="0.064" classname="com.netease.comment.QueryNewComment"/>
  <testcase name="queryHotComment" time="0.071" classname="com.netease.comment.QueryNewComment"/>
  <testcase name="queryHotComment" time="0.102" classname="com.netease.comment.QueryNewComment"/>
  <testcase name="queryHotComment" time="0.057" classname="com.netease.comment.QueryNewComment"/>
  <testcase name="queryHotComment" time="0.071" classname="com.netease.comment.QueryNewComment"/>
  <testcase name="queryHotComment" time="0.065" classname="com.netease.comment.QueryNewComment"/>
  <testcase name="queryHotComment" time="0.043" classname="com.netease.comment.QueryNewComment"/>
  <testcase name="queryHotComment" time="0.07" classname="com.netease.comment.QueryNewComment"/>
  <testcase name="queryHotComment" time="0.072" classname="com.netease.comment.QueryNewComment"/>
  <testcase name="queryHotComment" time="0.063" classname="com.netease.comment.QueryNewComment"/>
  <testcase name="queryHotComment" time="0.085" classname="com.netease.comment.QueryNewComment"/>
  <testcase name="queryHotComment" time="0.068" classname="com.netease.comment.QueryNewComment"/>
  <testcase name="queryHotComment" time="0.057" classname="com.netease.comment.QueryNewComment"/>
  <testcase name="queryHotComment" time="0.065" classname="com.netease.comment.QueryNewComment"/>
  <testcase name="queryHotComment" time="0.068" classname="com.netease.comment.QueryNewComment"/>
  <testcase name="queryHotComment" time="0.047" classname="com.netease.comment.QueryNewComment"/>
  <testcase name="queryHotComment" time="0.036" classname="com.netease.comment.QueryNewComment"/>
  <testcase name="queryHotComment" time="0.046" classname="com.netease.comment.QueryNewComment"/>
  <testcase name="queryHotComment" time="0.032" classname="com.netease.comment.QueryNewComment"/>
  <testcase name="queryHotComment" time="0.055" classname="com.netease.comment.QueryNewComment"/>
  <testcase name="queryHotComment" time="0.042" classname="com.netease.comment.QueryNewComment"/>
  <testcase name="queryHotComment" time="0.032" classname="com.netease.comment.QueryNewComment"/>
  <testcase name="queryHotComment" time="0.033" classname="com.netease.comment.QueryNewComment"/>
  <testcase name="queryHotComment" time="0.038" classname="com.netease.comment.QueryNewComment"/>
  <testcase name="queryHotComment" time="0.033" classname="com.netease.comment.QueryNewComment"/>
  <testcase name="queryHotComment" time="0.035" classname="com.netease.comment.QueryNewComment"/>
  <testcase name="queryHotComment" time="0.049" classname="com.netease.comment.QueryHotComment"/>
  <testcase name="queryHotComment" time="0.069" classname="com.netease.comment.QueryHotComment"/>
  <testcase name="queryHotComment" time="0.041" classname="com.netease.comment.QueryHotComment"/>
  <testcase name="queryHotComment" time="0.046" classname="com.netease.comment.QueryHotComment"/>
  <testcase name="queryHotComment" time="0.043" classname="com.netease.comment.QueryHotComment"/>
  <testcase name="queryHotComment" time="0.035" classname="com.netease.comment.QueryHotComment"/>
  <testcase name="queryHotComment" time="0.032" classname="com.netease.comment.QueryHotComment"/>
  <testcase name="queryHotComment" time="0.056" classname="com.netease.comment.QueryHotComment"/>
  <testcase name="queryHotComment" time="0.029" classname="com.netease.comment.QueryHotComment"/>
  <testcase name="queryHotComment" time="0.052" classname="com.netease.comment.QueryHotComment"/>
  <testcase name="queryHotComment" time="0.05" classname="com.netease.comment.QueryHotComment"/>
  <testcase name="queryHotComment" time="0.051" classname="com.netease.comment.QueryHotComment"/>
  <testcase name="queryHotComment" time="0.047" classname="com.netease.comment.QueryHotComment"/>
  <testcase name="queryHotComment" time="0.05" classname="com.netease.comment.QueryHotComment"/>
  <testcase name="queryHotComment" time="0.035" classname="com.netease.comment.QueryHotComment"/>
  <testcase name="queryHotComment" time="0.14" classname="com.netease.comment.QueryHotComment"/>
  <testcase name="queryHotComment" time="0.029" classname="com.netease.comment.QueryHotComment"/>
  <testcase name="queryHotComment" time="0.054" classname="com.netease.comment.QueryHotComment"/>
  <testcase name="queryHotComment" time="0.049" classname="com.netease.comment.QueryHotComment"/>
  <testcase name="queryHotComment" time="0.034" classname="com.netease.comment.QueryHotComment"/>
  <testcase name="queryHotComment" time="0.056" classname="com.netease.comment.QueryHotComment"/>
  <testcase name="queryHotComment" time="0.037" classname="com.netease.comment.QueryHotComment"/>
  <testcase name="queryHotComment" time="0.033" classname="com.netease.comment.QueryHotComment"/>
  <testcase name="queryHotComment" time="0.052" classname="com.netease.comment.QueryHotComment"/>
  <testcase name="queryHotComment" time="0.057" classname="com.netease.comment.QueryHotComment"/>
  <testcase name="queryHotComment" time="0.044" classname="com.netease.comment.QueryHotComment"/>
  <testcase name="queryHotComment" time="0.035" classname="com.netease.comment.QueryHotComment"/>
  <testcase name="queryUserComment" time="0.085" classname="com.netease.comment.QueryUserComment"/>
  <testcase name="queryUserComment" time="0.08" classname="com.netease.comment.QueryUserComment"/>
  <testcase name="queryUserComment" time="0.066" classname="com.netease.comment.QueryUserComment"/>
  <testcase name="queryUserComment" time="0.067" classname="com.netease.comment.QueryUserComment"/>
  <testcase name="queryUserComment" time="0.054" classname="com.netease.comment.QueryUserComment"/>
  <testcase name="queryUserComment" time="0.051" classname="com.netease.comment.QueryUserComment"/>
  <testcase name="queryUserComment" time="0.063" classname="com.netease.comment.QueryUserComment"/>
  <testcase name="queryUserComment" time="0.054" classname="com.netease.comment.QueryUserComment"/>
  <testcase name="queryUserComment" time="0.054" classname="com.netease.comment.QueryUserComment"/>
  <testcase name="queryUserComment" time="0.037" classname="com.netease.comment.QueryUserComment"/>
  <testcase name="queryUserComment" time="0.046" classname="com.netease.comment.QueryUserComment"/>
  <testcase name="queryUserComment" time="0.056" classname="com.netease.comment.QueryUserComment"/>
  <testcase name="queryUserComment" time="0.046" classname="com.netease.comment.QueryUserComment"/>
  <testcase name="queryUserComment" time="0.094" classname="com.netease.comment.QueryUserComment"/>
  <testcase name="queryUserComment" time="0.063" classname="com.netease.comment.QueryUserComment"/>
  <testcase name="queryUserComment" time="0.038" classname="com.netease.comment.QueryUserComment"/>
  <testcase name="queryUserComment" time="0.04" classname="com.netease.comment.QueryUserComment"/>
  <testcase name="queryUserComment" time="0.03" classname="com.netease.comment.QueryUserComment"/>
  <testcase name="queryUserComment" time="0.046" classname="com.netease.comment.QueryUserComment"/>
  <testcase name="queryUserComment" time="0.024" classname="com.netease.comment.QueryUserComment"/>
  <testcase name="queryUserComment" time="0.026" classname="com.netease.comment.QueryUserComment"/>
  <testcase name="queryUserComment" time="0.037" classname="com.netease.comment.QueryUserComment"/>
  <testcase name="queryUserComment" time="0.035" classname="com.netease.comment.QueryUserComment"/>
  <testcase name="queryUserComment" time="0.054" classname="com.netease.comment.QueryUserComment"/>
  <testcase name="queryUserComment" time="0.045" classname="com.netease.comment.QueryUserComment"/>
  <testcase name="queryUserComment" time="0.031" classname="com.netease.comment.QueryUserComment"/>
  <testcase name="queryUserComment" time="0.043" classname="com.netease.comment.QueryUserComment"/>
  <testcase name="queryUserComment" time="0.065" classname="com.netease.comment.QueryUserComment"/>
  <testcase name="queryComment" time="0.041" classname="com.netease.comment.QueryComment"/>
  <testcase name="queryComment" time="0.037" classname="com.netease.comment.QueryComment"/>
  <testcase name="queryComment" time="0.059" classname="com.netease.comment.QueryComment"/>
  <testcase name="queryComment" time="0.067" classname="com.netease.comment.QueryComment"/>
  <testcase name="queryComment" time="0.033" classname="com.netease.comment.QueryComment"/>
  <testcase name="queryComment" time="0.066" classname="com.netease.comment.QueryComment"/>
  <testcase name="queryComment" time="0.039" classname="com.netease.comment.QueryComment"/>
  <testcase name="queryComment" time="0.078" classname="com.netease.comment.QueryComment"/>
  <testcase name="queryComment" time="0.036" classname="com.netease.comment.QueryComment"/>
  <testcase name="againstComment" time="0.046" classname="com.netease.comment.AgainstComment"/>
  <testcase name="againstComment" time="0.034" classname="com.netease.comment.AgainstComment"/>
  <testcase name="againstComment" time="1.146" classname="com.netease.comment.AgainstComment"/>
  <testcase name="againstComment" time="0.289" classname="com.netease.comment.AgainstComment"/>
  <testcase name="againstComment" time="0.44" classname="com.netease.comment.AgainstComment"/>
  <testcase name="againstComment" time="0.059" classname="com.netease.comment.AgainstComment"/>
  <testcase name="againstComment" time="0.064" classname="com.netease.comment.AgainstComment"/>
  <testcase name="voteComment" time="0.076" classname="com.netease.comment.VoteComment"/>
  <testcase name="voteComment" time="0.049" classname="com.netease.comment.VoteComment"/>
  <testcase name="voteComment" time="0.06" classname="com.netease.comment.VoteComment"/>
  <testcase name="voteComment" time="0.058" classname="com.netease.comment.VoteComment"/>
  <testcase name="voteComment" time="0.061" classname="com.netease.comment.VoteComment"/>
  <testcase name="voteComment" time="0.072" classname="com.netease.comment.VoteComment"/>
  <testcase name="voteComment" time="0.064" classname="com.netease.comment.VoteComment"/>
  <testcase name="deleteComment" time="0.104" classname="com.netease.comment.DeleteComment"/>
  <testcase name="deleteComment" time="0.124" classname="com.netease.comment.DeleteComment"/>
  <testcase name="deleteComment" time="0.101" classname="com.netease.comment.DeleteComment"/>
  <testcase name="deleteComment" time="0.078" classname="com.netease.comment.DeleteComment"/>
  <testcase name="deleteComment" time="0.116" classname="com.netease.comment.DeleteComment"/>
  <testcase name="deleteComment" time="0.075" classname="com.netease.comment.DeleteComment"/>
  <testcase name="deleteComment" time="0.07" classname="com.netease.comment.DeleteComment"/>
  <testcase name="deleteComment" time="0.049" classname="com.netease.comment.DeleteComment"/>
  <testcase name="deleteComment" time="0.071" classname="com.netease.comment.DeleteComment"/>
  <testcase name="deleteComment" time="0.107" classname="com.netease.comment.DeleteComment"/>
  <testcase name="deleteComment" time="0.073" classname="com.netease.comment.DeleteComment"/>
  <testcase name="deleteComment" time="0.081" classname="com.netease.comment.DeleteComment"/>
  <testcase name="deleteComment" time="0.066" classname="com.netease.comment.DeleteComment"/>
  <testcase name="deleteComment" time="0.082" classname="com.netease.comment.DeleteComment"/>
  <testcase name="createComment" time="0.151" classname="com.netease.comment.CreateComment"/>
  <testcase name="createComment" time="0.116" classname="com.netease.comment.CreateComment"/>
  <testcase name="createComment" time="0.142" classname="com.netease.comment.CreateComment"/>
  <testcase name="createComment" time="0.075" classname="com.netease.comment.CreateComment"/>
  <testcase name="createComment" time="0.073" classname="com.netease.comment.CreateComment"/>
  <testcase name="createComment" time="0.045" classname="com.netease.comment.CreateComment"/>
  <testcase name="createComment" time="0.154" classname="com.netease.comment.CreateComment"/>
  <testcase name="createComment" time="0.138" classname="com.netease.comment.CreateComment"/>
  <testcase name="createComment" time="0.109" classname="com.netease.comment.CreateComment"/>
  <testcase name="createComment" time="0.13" classname="com.netease.comment.CreateComment"/>
  <testcase name="createComment" time="0.079" classname="com.netease.comment.CreateComment"/>
  <testcase name="createComment" time="0.259" classname="com.netease.comment.CreateComment"/>
  <testcase name="createComment" time="0.082" classname="com.netease.comment.CreateComment"/>
  <testcase name="createComment" time="0.064" classname="com.netease.comment.CreateComment"/>
  <testcase name="createComment" time="0.137" classname="com.netease.comment.CreateComment"/>
  <testcase name="createComment" time="0.059" classname="com.netease.comment.CreateComment"/>
  <testcase name="createComment" time="0.031" classname="com.netease.comment.CreateComment"/>
  <testcase name="createComment" time="0.066" classname="com.netease.comment.CreateComment">
    <failure type="java.lang.AssertionError" message="expected [true] but found [false]">
      <![CDATA[java.lang.AssertionError: expected [true] but found [false]
	at com.netease.util.ReturnCheck.returnCheck(ReturnCheck.java:55)
	at com.netease.comment.CreateComment.createComment(CreateComment.java:48)
... Removed 28 stack frames]]>
    </failure>
  </testcase> <!-- createComment -->
  <testcase name="queryMyComment" time="0.069" classname="com.netease.comment.QueryMyComment"/>
  <testcase name="queryMyComment" time="0.041" classname="com.netease.comment.QueryMyComment"/>
  <testcase name="queryMyComment" time="0.046" classname="com.netease.comment.QueryMyComment"/>
  <testcase name="queryMyComment" time="0.046" classname="com.netease.comment.QueryMyComment"/>
  <testcase name="queryMyComment" time="0.05" classname="com.netease.comment.QueryMyComment"/>
  <testcase name="queryMyComment" time="0.039" classname="com.netease.comment.QueryMyComment"/>
  <testcase name="queryMyComment" time="0.044" classname="com.netease.comment.QueryMyComment"/>
  <testcase name="queryMyComment" time="0.038" classname="com.netease.comment.QueryMyComment"/>
  <testcase name="queryMyComment" time="0.035" classname="com.netease.comment.QueryMyComment"/>
  <testcase name="queryMyComment" time="0.052" classname="com.netease.comment.QueryMyComment"/>
  <testcase name="queryMyComment" time="0.043" classname="com.netease.comment.QueryMyComment">
    <failure type="java.lang.AssertionError" message="expected [200] but found [422]">
      <![CDATA[java.lang.AssertionError: expected [200] but found [422]
	at com.netease.util.ReturnCheck.returnCheck(ReturnCheck.java:48)
	at com.netease.util.HttpRequest.httpGetRequest(HttpRequest.java:42)
	at com.netease.comment.QueryMyComment.queryMyComment(QueryMyComment.java:18)
... Removed 29 stack frames]]>
    </failure>
  </testcase> <!-- queryMyComment -->
  <testcase name="queryMyComment" time="0.038" classname="com.netease.comment.QueryMyComment"/>
  <testcase name="queryMyComment" time="0.043" classname="com.netease.comment.QueryMyComment"/>
  <testcase name="queryMyComment" time="0.034" classname="com.netease.comment.QueryMyComment"/>
  <testcase name="queryMyComment" time="0.046" classname="com.netease.comment.QueryMyComment"/>
  <testcase name="queryMyComment" time="0.123" classname="com.netease.comment.QueryMyComment"/>
  <testcase name="queryMyComment" time="0.048" classname="com.netease.comment.QueryMyComment"/>
  <testcase name="queryMyComment" time="0.053" classname="com.netease.comment.QueryMyComment"/>
  <testcase name="queryMyComment" time="0.041" classname="com.netease.comment.QueryMyComment"/>
  <testcase name="queryMyComment" time="0.033" classname="com.netease.comment.QueryMyComment"/>
  <testcase name="queryMyComment" time="0.042" classname="com.netease.comment.QueryMyComment"/>
  <testcase name="queryMyComment" time="0.046" classname="com.netease.comment.QueryMyComment"/>
  <testcase name="queryMyComment" time="0.039" classname="com.netease.comment.QueryMyComment"/>
  <testcase name="queryMyComment" time="0.034" classname="com.netease.comment.QueryMyComment"/>
  <testcase name="queryMyComment" time="0.057" classname="com.netease.comment.QueryMyComment"/>
  <testcase name="queryMyComment" time="0.043" classname="com.netease.comment.QueryMyComment"/>
  <testcase name="queryMyComment" time="0.025" classname="com.netease.comment.QueryMyComment"/>
  <testcase name="queryMyComment" time="0.042" classname="com.netease.comment.QueryMyComment"/>
  <testcase name="queryAuthUser" time="0.035" classname="com.netease.user.QueryAuthUser"/>
  <testcase name="queryAuthUser" time="0.033" classname="com.netease.user.QueryAuthUser"/>
  <testcase name="queryAuthUser" time="0.043" classname="com.netease.user.QueryAuthUser"/>
  <testcase name="queryAuthUser" time="0.032" classname="com.netease.user.QueryAuthUser"/>
  <testcase name="queryUser" time="0.043" classname="com.netease.user.QueryUser"/>
  <testcase name="queryUser" time="0.05" classname="com.netease.user.QueryUser"/>
  <testcase name="queryUser" time="0.046" classname="com.netease.user.QueryUser"/>
  <testcase name="queryUser" time="0.03" classname="com.netease.user.QueryUser"/>
  <testcase name="queryUser" time="0.052" classname="com.netease.user.QueryUser"/>
</testsuite> <!-- Test -->
