<?xml version="1.0" encoding="UTF-8"?>
<!-- Generated by org.testng.reporters.JUnitXMLReporter -->
<testsuite hostname="ZHOUJOSEPHdeMacBook-Air.local" name="Test" tests="189" failures="19" timestamp="3 Jun 2015 07:32:12 GMT" time="10.85" errors="0">
  <testcase name="queryThread" time="1.004" classname="com.netease.thread.QueryThread">
    <failure type="java.lang.AssertionError" message="expected:&amp;lt;200&amp;gt; but was:&amp;lt;404&amp;gt;">
      <![CDATA[java.lang.AssertionError: expected:<200> but was:<404>
	at com.netease.util.ReturnCheck.returnCheck(ReturnCheck.java:42)
	at com.netease.util.HttpRequest.httpGetRequest(HttpRequest.java:42)
	at com.netease.thread.QueryThread.queryThread(QueryThread.java:17)
	at org.apache.maven.surefire.testng.TestNGExecutor.run(TestNGExecutor.java:77)
	at org.apache.maven.surefire.testng.TestNGXmlTestSuite.execute(TestNGXmlTestSuite.java:92)
	at org.apache.maven.surefire.Surefire.run(Surefire.java:177)
	at org.apache.maven.surefire.booter.SurefireBooter.runSuitesInProcess(SurefireBooter.java:334)
	at org.apache.maven.surefire.booter.SurefireBooter.main(SurefireBooter.java:980)
... Removed 30 stack frames]]>
    </failure>
  </testcase> <!-- queryThread -->
  <testcase name="queryThread" time="0.018" classname="com.netease.thread.QueryThread"/>
  <testcase name="queryThread" time="0.022" classname="com.netease.thread.QueryThread"/>
  <testcase name="queryThread" time="0.025" classname="com.netease.thread.QueryThread"/>
  <testcase name="queryThread" time="0.018" classname="com.netease.thread.QueryThread"/>
  <testcase name="creatThread" time="0.864" classname="com.netease.thread.CreateThread"/>
  <testcase name="creatThread" time="0.031" classname="com.netease.thread.CreateThread"/>
  <testcase name="creatThread" time="0.028" classname="com.netease.thread.CreateThread"/>
  <testcase name="creatThread" time="0.028" classname="com.netease.thread.CreateThread"/>
  <testcase name="creatThread" time="0.039" classname="com.netease.thread.CreateThread"/>
  <testcase name="creatThread" time="0.028" classname="com.netease.thread.CreateThread"/>
  <testcase name="creatThread" time="0.027" classname="com.netease.thread.CreateThread"/>
  <testcase name="creatThread" time="0.858" classname="com.netease.thread.CreateThread"/>
  <testcase name="creatThread" time="0.141" classname="com.netease.thread.CreateThread"/>
  <testcase name="creatThread" time="0.798" classname="com.netease.thread.CreateThread"/>
  <testcase name="modifyRequest" time="0.524" classname="com.netease.thread.ModifyThread"/>
  <testcase name="modifyRequest" time="0.31" classname="com.netease.thread.ModifyThread"/>
  <testcase name="modifyRequest" time="0.313" classname="com.netease.thread.ModifyThread"/>
  <testcase name="modifyRequest" time="0.16" classname="com.netease.thread.ModifyThread"/>
  <testcase name="modifyRequest" time="0.026" classname="com.netease.thread.ModifyThread"/>
  <testcase name="modifyRequest" time="0.029" classname="com.netease.thread.ModifyThread"/>
  <testcase name="modifyRequest" time="0.139" classname="com.netease.thread.ModifyThread"/>
  <testcase name="modifyRequest" time="0.377" classname="com.netease.thread.ModifyThread"/>
  <testcase name="modifyRequest" time="0.415" classname="com.netease.thread.ModifyThread"/>
  <testcase name="modifyRequest" time="0.207" classname="com.netease.thread.ModifyThread"/>
  <testcase name="queryHotComment" time="0.037" classname="com.netease.comment.QueryNewComment"/>
  <testcase name="queryHotComment" time="0.026" classname="com.netease.comment.QueryNewComment"/>
  <testcase name="queryHotComment" time="0.026" classname="com.netease.comment.QueryNewComment"/>
  <testcase name="queryHotComment" time="0.026" classname="com.netease.comment.QueryNewComment"/>
  <testcase name="queryHotComment" time="0.027" classname="com.netease.comment.QueryNewComment"/>
  <testcase name="queryHotComment" time="0.024" classname="com.netease.comment.QueryNewComment"/>
  <testcase name="queryHotComment" time="0.024" classname="com.netease.comment.QueryNewComment"/>
  <testcase name="queryHotComment" time="0.02" classname="com.netease.comment.QueryNewComment"/>
  <testcase name="queryHotComment" time="0.019" classname="com.netease.comment.QueryNewComment"/>
  <testcase name="queryHotComment" time="0.017" classname="com.netease.comment.QueryNewComment"/>
  <testcase name="queryHotComment" time="0.02" classname="com.netease.comment.QueryNewComment"/>
  <testcase name="queryHotComment" time="0.036" classname="com.netease.comment.QueryNewComment"/>
  <testcase name="queryHotComment" time="0.014" classname="com.netease.comment.QueryNewComment"/>
  <testcase name="queryHotComment" time="0.018" classname="com.netease.comment.QueryNewComment"/>
  <testcase name="queryHotComment" time="0.017" classname="com.netease.comment.QueryNewComment"/>
  <testcase name="queryHotComment" time="0.013" classname="com.netease.comment.QueryNewComment"/>
  <testcase name="queryHotComment" time="0.014" classname="com.netease.comment.QueryNewComment"/>
  <testcase name="queryHotComment" time="0.012" classname="com.netease.comment.QueryNewComment"/>
  <testcase name="queryHotComment" time="0.013" classname="com.netease.comment.QueryNewComment"/>
  <testcase name="queryHotComment" time="0.016" classname="com.netease.comment.QueryNewComment"/>
  <testcase name="queryHotComment" time="0.022" classname="com.netease.comment.QueryNewComment"/>
  <testcase name="queryHotComment" time="0.012" classname="com.netease.comment.QueryNewComment"/>
  <testcase name="queryHotComment" time="0.012" classname="com.netease.comment.QueryNewComment"/>
  <testcase name="queryHotComment" time="0.012" classname="com.netease.comment.QueryNewComment"/>
  <testcase name="queryHotComment" time="0.013" classname="com.netease.comment.QueryNewComment"/>
  <testcase name="queryHotComment" time="0.011" classname="com.netease.comment.QueryNewComment"/>
  <testcase name="queryHotComment" time="0.022" classname="com.netease.comment.QueryNewComment"/>
  <testcase name="queryHotComment" time="0.017" classname="com.netease.comment.QueryHotComment"/>
  <testcase name="queryHotComment" time="0.023" classname="com.netease.comment.QueryHotComment"/>
  <testcase name="queryHotComment" time="0.019" classname="com.netease.comment.QueryHotComment"/>
  <testcase name="queryHotComment" time="0.018" classname="com.netease.comment.QueryHotComment"/>
  <testcase name="queryHotComment" time="0.017" classname="com.netease.comment.QueryHotComment"/>
  <testcase name="queryHotComment" time="0.014" classname="com.netease.comment.QueryHotComment"/>
  <testcase name="queryHotComment" time="0.015" classname="com.netease.comment.QueryHotComment"/>
  <testcase name="queryHotComment" time="0.015" classname="com.netease.comment.QueryHotComment"/>
  <testcase name="queryHotComment" time="0.016" classname="com.netease.comment.QueryHotComment"/>
  <testcase name="queryHotComment" time="0.014" classname="com.netease.comment.QueryHotComment"/>
  <testcase name="queryHotComment" time="0.056" classname="com.netease.comment.QueryHotComment"/>
  <testcase name="queryHotComment" time="0.037" classname="com.netease.comment.QueryHotComment"/>
  <testcase name="queryHotComment" time="0.026" classname="com.netease.comment.QueryHotComment"/>
  <testcase name="queryHotComment" time="0.027" classname="com.netease.comment.QueryHotComment"/>
  <testcase name="queryHotComment" time="0.025" classname="com.netease.comment.QueryHotComment"/>
  <testcase name="queryHotComment" time="0.024" classname="com.netease.comment.QueryHotComment"/>
  <testcase name="queryHotComment" time="0.026" classname="com.netease.comment.QueryHotComment"/>
  <testcase name="queryHotComment" time="0.022" classname="com.netease.comment.QueryHotComment"/>
  <testcase name="queryHotComment" time="0.024" classname="com.netease.comment.QueryHotComment"/>
  <testcase name="queryHotComment" time="0.024" classname="com.netease.comment.QueryHotComment"/>
  <testcase name="queryHotComment" time="0.028" classname="com.netease.comment.QueryHotComment"/>
  <testcase name="queryHotComment" time="0.024" classname="com.netease.comment.QueryHotComment"/>
  <testcase name="queryHotComment" time="0.022" classname="com.netease.comment.QueryHotComment"/>
  <testcase name="queryHotComment" time="0.03" classname="com.netease.comment.QueryHotComment"/>
  <testcase name="queryHotComment" time="0.027" classname="com.netease.comment.QueryHotComment"/>
  <testcase name="queryHotComment" time="0.071" classname="com.netease.comment.QueryHotComment"/>
  <testcase name="queryHotComment" time="0.025" classname="com.netease.comment.QueryHotComment"/>
  <testcase name="queryUserComment" time="0.061" classname="com.netease.comment.QueryUserComment"/>
  <testcase name="queryUserComment" time="0.048" classname="com.netease.comment.QueryUserComment"/>
  <testcase name="queryUserComment" time="0.04" classname="com.netease.comment.QueryUserComment"/>
  <testcase name="queryUserComment" time="0.036" classname="com.netease.comment.QueryUserComment"/>
  <testcase name="queryUserComment" time="0.038" classname="com.netease.comment.QueryUserComment"/>
  <testcase name="queryUserComment" time="0.036" classname="com.netease.comment.QueryUserComment"/>
  <testcase name="queryUserComment" time="0.039" classname="com.netease.comment.QueryUserComment"/>
  <testcase name="queryUserComment" time="0.031" classname="com.netease.comment.QueryUserComment"/>
  <testcase name="queryUserComment" time="0.037" classname="com.netease.comment.QueryUserComment"/>
  <testcase name="queryUserComment" time="0.036" classname="com.netease.comment.QueryUserComment"/>
  <testcase name="queryUserComment" time="0.03" classname="com.netease.comment.QueryUserComment"/>
  <testcase name="queryUserComment" time="0.025" classname="com.netease.comment.QueryUserComment"/>
  <testcase name="queryUserComment" time="0.028" classname="com.netease.comment.QueryUserComment">
    <failure type="java.lang.AssertionError" message="expected:&amp;lt;400&amp;gt; but was:&amp;lt;422&amp;gt;">
      <![CDATA[java.lang.AssertionError: expected:<400> but was:<422>
	at com.netease.util.ReturnCheck.returnCheck(ReturnCheck.java:48)
	at com.netease.util.HttpRequest.httpGetRequest(HttpRequest.java:42)
	at com.netease.comment.QueryUserComment.queryUserComment(QueryUserComment.java:17)
	at org.apache.maven.surefire.testng.TestNGExecutor.run(TestNGExecutor.java:77)
	at org.apache.maven.surefire.testng.TestNGXmlTestSuite.execute(TestNGXmlTestSuite.java:92)
	at org.apache.maven.surefire.Surefire.run(Surefire.java:177)
	at org.apache.maven.surefire.booter.SurefireBooter.runSuitesInProcess(SurefireBooter.java:334)
	at org.apache.maven.surefire.booter.SurefireBooter.main(SurefireBooter.java:980)
... Removed 30 stack frames]]>
    </failure>
  </testcase> <!-- queryUserComment -->
  <testcase name="queryUserComment" time="0.028" classname="com.netease.comment.QueryUserComment"/>
  <testcase name="queryUserComment" time="0.029" classname="com.netease.comment.QueryUserComment"/>
  <testcase name="queryUserComment" time="0.025" classname="com.netease.comment.QueryUserComment"/>
  <testcase name="queryUserComment" time="0.02" classname="com.netease.comment.QueryUserComment"/>
  <testcase name="queryUserComment" time="0.03" classname="com.netease.comment.QueryUserComment"/>
  <testcase name="queryUserComment" time="0.031" classname="com.netease.comment.QueryUserComment"/>
  <testcase name="queryUserComment" time="0.024" classname="com.netease.comment.QueryUserComment"/>
  <testcase name="queryUserComment" time="0.02" classname="com.netease.comment.QueryUserComment"/>
  <testcase name="queryUserComment" time="0.03" classname="com.netease.comment.QueryUserComment"/>
  <testcase name="queryUserComment" time="0.024" classname="com.netease.comment.QueryUserComment"/>
  <testcase name="queryUserComment" time="0.023" classname="com.netease.comment.QueryUserComment"/>
  <testcase name="queryUserComment" time="0.018" classname="com.netease.comment.QueryUserComment"/>
  <testcase name="queryUserComment" time="0.028" classname="com.netease.comment.QueryUserComment"/>
  <testcase name="queryUserComment" time="0.026" classname="com.netease.comment.QueryUserComment"/>
  <testcase name="queryUserComment" time="0.03" classname="com.netease.comment.QueryUserComment"/>
  <testcase name="queryComment" time="0.043" classname="com.netease.comment.QueryComment">
    <failure type="java.lang.AssertionError" message="expected:&amp;lt;200&amp;gt; but was:&amp;lt;404&amp;gt;">
      <![CDATA[java.lang.AssertionError: expected:<200> but was:<404>
	at com.netease.util.ReturnCheck.returnCheck(ReturnCheck.java:42)
	at com.netease.util.HttpRequest.httpGetRequest(HttpRequest.java:42)
	at com.netease.comment.QueryComment.queryComment(QueryComment.java:15)
	at org.apache.maven.surefire.testng.TestNGExecutor.run(TestNGExecutor.java:77)
	at org.apache.maven.surefire.testng.TestNGXmlTestSuite.execute(TestNGXmlTestSuite.java:92)
	at org.apache.maven.surefire.Surefire.run(Surefire.java:177)
	at org.apache.maven.surefire.booter.SurefireBooter.runSuitesInProcess(SurefireBooter.java:334)
	at org.apache.maven.surefire.booter.SurefireBooter.main(SurefireBooter.java:980)
... Removed 30 stack frames]]>
    </failure>
  </testcase> <!-- queryComment -->
  <testcase name="queryComment" time="0.024" classname="com.netease.comment.QueryComment"/>
  <testcase name="queryComment" time="0.035" classname="com.netease.comment.QueryComment"/>
  <testcase name="queryComment" time="0.027" classname="com.netease.comment.QueryComment"/>
  <testcase name="queryComment" time="0.023" classname="com.netease.comment.QueryComment"/>
  <testcase name="queryComment" time="0.019" classname="com.netease.comment.QueryComment"/>
  <testcase name="queryComment" time="0.018" classname="com.netease.comment.QueryComment"/>
  <testcase name="queryComment" time="0.021" classname="com.netease.comment.QueryComment"/>
  <testcase name="againstComment" time="0.028" classname="com.netease.comment.AgainstComment">
    <failure type="java.lang.AssertionError" message="expected:&amp;lt;200&amp;gt; but was:&amp;lt;404&amp;gt;">
      <![CDATA[java.lang.AssertionError: expected:<200> but was:<404>
	at com.netease.util.ReturnCheck.returnCheck(ReturnCheck.java:42)
	at com.netease.util.HttpRequest.httpPostRequest(HttpRequest.java:81)
	at com.netease.comment.AgainstComment.againstComment(AgainstComment.java:17)
	at org.apache.maven.surefire.testng.TestNGExecutor.run(TestNGExecutor.java:77)
	at org.apache.maven.surefire.testng.TestNGXmlTestSuite.execute(TestNGXmlTestSuite.java:92)
	at org.apache.maven.surefire.Surefire.run(Surefire.java:177)
	at org.apache.maven.surefire.booter.SurefireBooter.runSuitesInProcess(SurefireBooter.java:334)
	at org.apache.maven.surefire.booter.SurefireBooter.main(SurefireBooter.java:980)
... Removed 30 stack frames]]>
    </failure>
  </testcase> <!-- againstComment -->
  <testcase name="againstComment" time="0.022" classname="com.netease.comment.AgainstComment"/>
  <testcase name="againstComment" time="0.012" classname="com.netease.comment.AgainstComment"/>
  <testcase name="againstComment" time="0.012" classname="com.netease.comment.AgainstComment"/>
  <testcase name="againstComment" time="0.017" classname="com.netease.comment.AgainstComment"/>
  <testcase name="againstComment" time="0.018" classname="com.netease.comment.AgainstComment"/>
  <testcase name="againstComment" time="0.016" classname="com.netease.comment.AgainstComment"/>
  <testcase name="voteComment" time="0.019" classname="com.netease.comment.VoteComment">
    <failure type="java.lang.AssertionError" message="expected:&amp;lt;200&amp;gt; but was:&amp;lt;404&amp;gt;">
      <![CDATA[java.lang.AssertionError: expected:<200> but was:<404>
	at com.netease.util.ReturnCheck.returnCheck(ReturnCheck.java:42)
	at com.netease.util.HttpRequest.httpPostRequest(HttpRequest.java:81)
	at com.netease.comment.VoteComment.voteComment(VoteComment.java:18)
	at org.apache.maven.surefire.testng.TestNGExecutor.run(TestNGExecutor.java:77)
	at org.apache.maven.surefire.testng.TestNGXmlTestSuite.execute(TestNGXmlTestSuite.java:92)
	at org.apache.maven.surefire.Surefire.run(Surefire.java:177)
	at org.apache.maven.surefire.booter.SurefireBooter.runSuitesInProcess(SurefireBooter.java:334)
	at org.apache.maven.surefire.booter.SurefireBooter.main(SurefireBooter.java:980)
... Removed 30 stack frames]]>
    </failure>
  </testcase> <!-- voteComment -->
  <testcase name="voteComment" time="0.012" classname="com.netease.comment.VoteComment"/>
  <testcase name="voteComment" time="0.011" classname="com.netease.comment.VoteComment"/>
  <testcase name="voteComment" time="0.018" classname="com.netease.comment.VoteComment"/>
  <testcase name="voteComment" time="0.014" classname="com.netease.comment.VoteComment"/>
  <testcase name="voteComment" time="0.015" classname="com.netease.comment.VoteComment"/>
  <testcase name="voteComment" time="0.014" classname="com.netease.comment.VoteComment"/>
  <testcase name="deleteComment" time="0.018" classname="com.netease.comment.DeleteComment">
    <failure type="java.lang.AssertionError" message="expected:&amp;lt;204&amp;gt; but was:&amp;lt;404&amp;gt;">
      <![CDATA[java.lang.AssertionError: expected:<204> but was:<404>
	at com.netease.comment.DeleteComment.deleteComment(DeleteComment.java:41)
	at org.apache.maven.surefire.testng.TestNGExecutor.run(TestNGExecutor.java:77)
	at org.apache.maven.surefire.testng.TestNGXmlTestSuite.execute(TestNGXmlTestSuite.java:92)
	at org.apache.maven.surefire.Surefire.run(Surefire.java:177)
	at org.apache.maven.surefire.booter.SurefireBooter.runSuitesInProcess(SurefireBooter.java:334)
	at org.apache.maven.surefire.booter.SurefireBooter.main(SurefireBooter.java:980)
... Removed 30 stack frames]]>
    </failure>
  </testcase> <!-- deleteComment -->
  <testcase name="deleteComment" time="0.014" classname="com.netease.comment.DeleteComment">
    <failure type="java.lang.AssertionError" message="expected:&amp;lt;204&amp;gt; but was:&amp;lt;404&amp;gt;">
      <![CDATA[java.lang.AssertionError: expected:<204> but was:<404>
	at com.netease.comment.DeleteComment.deleteComment(DeleteComment.java:41)
	at org.apache.maven.surefire.testng.TestNGExecutor.run(TestNGExecutor.java:77)
	at org.apache.maven.surefire.testng.TestNGXmlTestSuite.execute(TestNGXmlTestSuite.java:92)
	at org.apache.maven.surefire.Surefire.run(Surefire.java:177)
	at org.apache.maven.surefire.booter.SurefireBooter.runSuitesInProcess(SurefireBooter.java:334)
	at org.apache.maven.surefire.booter.SurefireBooter.main(SurefireBooter.java:980)
... Removed 30 stack frames]]>
    </failure>
  </testcase> <!-- deleteComment -->
  <testcase name="deleteComment" time="0.027" classname="com.netease.comment.DeleteComment"/>
  <testcase name="deleteComment" time="0.02" classname="com.netease.comment.DeleteComment"/>
  <testcase name="deleteComment" time="0.015" classname="com.netease.comment.DeleteComment"/>
  <testcase name="deleteComment" time="0.014" classname="com.netease.comment.DeleteComment"/>
  <testcase name="deleteComment" time="0.011" classname="com.netease.comment.DeleteComment"/>
  <testcase name="deleteComment" time="0.014" classname="com.netease.comment.DeleteComment"/>
  <testcase name="createComment" time="0.024" classname="com.netease.comment.CreateComment">
    <failure type="java.lang.AssertionError" message="expected:&amp;lt;201&amp;gt; but was:&amp;lt;404&amp;gt;">
      <![CDATA[java.lang.AssertionError: expected:<201> but was:<404>
	at com.netease.util.ReturnCheck.returnCheck(ReturnCheck.java:42)
	at com.netease.comment.CreateComment.createComment(CreateComment.java:48)
	at org.apache.maven.surefire.testng.TestNGExecutor.run(TestNGExecutor.java:77)
	at org.apache.maven.surefire.testng.TestNGXmlTestSuite.execute(TestNGXmlTestSuite.java:92)
	at org.apache.maven.surefire.Surefire.run(Surefire.java:177)
	at org.apache.maven.surefire.booter.SurefireBooter.runSuitesInProcess(SurefireBooter.java:334)
	at org.apache.maven.surefire.booter.SurefireBooter.main(SurefireBooter.java:980)
... Removed 30 stack frames]]>
    </failure>
  </testcase> <!-- createComment -->
  <testcase name="createComment" time="0.194" classname="com.netease.comment.CreateComment"/>
  <testcase name="createComment" time="0.025" classname="com.netease.comment.CreateComment">
    <failure type="java.lang.AssertionError" message="expected:&amp;lt;201&amp;gt; but was:&amp;lt;404&amp;gt;">
      <![CDATA[java.lang.AssertionError: expected:<201> but was:<404>
	at com.netease.util.ReturnCheck.returnCheck(ReturnCheck.java:42)
	at com.netease.comment.CreateComment.createComment(CreateComment.java:48)
	at org.apache.maven.surefire.testng.TestNGExecutor.run(TestNGExecutor.java:77)
	at org.apache.maven.surefire.testng.TestNGXmlTestSuite.execute(TestNGXmlTestSuite.java:92)
	at org.apache.maven.surefire.Surefire.run(Surefire.java:177)
	at org.apache.maven.surefire.booter.SurefireBooter.runSuitesInProcess(SurefireBooter.java:334)
	at org.apache.maven.surefire.booter.SurefireBooter.main(SurefireBooter.java:980)
... Removed 30 stack frames]]>
    </failure>
  </testcase> <!-- createComment -->
  <testcase name="createComment" time="0.027" classname="com.netease.comment.CreateComment">
    <failure type="java.lang.AssertionError" message="expected:&amp;lt;422&amp;gt; but was:&amp;lt;404&amp;gt;">
      <![CDATA[java.lang.AssertionError: expected:<422> but was:<404>
	at com.netease.util.ReturnCheck.returnCheck(ReturnCheck.java:42)
	at com.netease.comment.CreateComment.createComment(CreateComment.java:48)
	at org.apache.maven.surefire.testng.TestNGExecutor.run(TestNGExecutor.java:77)
	at org.apache.maven.surefire.testng.TestNGXmlTestSuite.execute(TestNGXmlTestSuite.java:92)
	at org.apache.maven.surefire.Surefire.run(Surefire.java:177)
	at org.apache.maven.surefire.booter.SurefireBooter.runSuitesInProcess(SurefireBooter.java:334)
	at org.apache.maven.surefire.booter.SurefireBooter.main(SurefireBooter.java:980)
... Removed 30 stack frames]]>
    </failure>
  </testcase> <!-- createComment -->
  <testcase name="createComment" time="0.149" classname="com.netease.comment.CreateComment"/>
  <testcase name="createComment" time="0.023" classname="com.netease.comment.CreateComment">
    <failure type="java.lang.AssertionError" message="expected:&amp;lt;201&amp;gt; but was:&amp;lt;404&amp;gt;">
      <![CDATA[java.lang.AssertionError: expected:<201> but was:<404>
	at com.netease.util.ReturnCheck.returnCheck(ReturnCheck.java:42)
	at com.netease.comment.CreateComment.createComment(CreateComment.java:48)
	at org.apache.maven.surefire.testng.TestNGExecutor.run(TestNGExecutor.java:77)
	at org.apache.maven.surefire.testng.TestNGXmlTestSuite.execute(TestNGXmlTestSuite.java:92)
	at org.apache.maven.surefire.Surefire.run(Surefire.java:177)
	at org.apache.maven.surefire.booter.SurefireBooter.runSuitesInProcess(SurefireBooter.java:334)
	at org.apache.maven.surefire.booter.SurefireBooter.main(SurefireBooter.java:980)
... Removed 30 stack frames]]>
    </failure>
  </testcase> <!-- createComment -->
  <testcase name="createComment" time="0.023" classname="com.netease.comment.CreateComment">
    <failure type="java.lang.AssertionError" message="expected:&amp;lt;201&amp;gt; but was:&amp;lt;404&amp;gt;">
      <![CDATA[java.lang.AssertionError: expected:<201> but was:<404>
	at com.netease.util.ReturnCheck.returnCheck(ReturnCheck.java:42)
	at com.netease.comment.CreateComment.createComment(CreateComment.java:48)
	at org.apache.maven.surefire.testng.TestNGExecutor.run(TestNGExecutor.java:77)
	at org.apache.maven.surefire.testng.TestNGXmlTestSuite.execute(TestNGXmlTestSuite.java:92)
	at org.apache.maven.surefire.Surefire.run(Surefire.java:177)
	at org.apache.maven.surefire.booter.SurefireBooter.runSuitesInProcess(SurefireBooter.java:334)
	at org.apache.maven.surefire.booter.SurefireBooter.main(SurefireBooter.java:980)
... Removed 30 stack frames]]>
    </failure>
  </testcase> <!-- createComment -->
  <testcase name="createComment" time="0.053" classname="com.netease.comment.CreateComment"/>
  <testcase name="createComment" time="0.024" classname="com.netease.comment.CreateComment">
    <failure type="java.lang.AssertionError" message="expected:&amp;lt;201&amp;gt; but was:&amp;lt;404&amp;gt;">
      <![CDATA[java.lang.AssertionError: expected:<201> but was:<404>
	at com.netease.util.ReturnCheck.returnCheck(ReturnCheck.java:42)
	at com.netease.comment.CreateComment.createComment(CreateComment.java:48)
	at org.apache.maven.surefire.testng.TestNGExecutor.run(TestNGExecutor.java:77)
	at org.apache.maven.surefire.testng.TestNGXmlTestSuite.execute(TestNGXmlTestSuite.java:92)
	at org.apache.maven.surefire.Surefire.run(Surefire.java:177)
	at org.apache.maven.surefire.booter.SurefireBooter.runSuitesInProcess(SurefireBooter.java:334)
	at org.apache.maven.surefire.booter.SurefireBooter.main(SurefireBooter.java:980)
... Removed 30 stack frames]]>
    </failure>
  </testcase> <!-- createComment -->
  <testcase name="createComment" time="0.024" classname="com.netease.comment.CreateComment">
    <failure type="java.lang.AssertionError" message="expected:&amp;lt;201&amp;gt; but was:&amp;lt;404&amp;gt;">
      <![CDATA[java.lang.AssertionError: expected:<201> but was:<404>
	at com.netease.util.ReturnCheck.returnCheck(ReturnCheck.java:42)
	at com.netease.comment.CreateComment.createComment(CreateComment.java:48)
	at org.apache.maven.surefire.testng.TestNGExecutor.run(TestNGExecutor.java:77)
	at org.apache.maven.surefire.testng.TestNGXmlTestSuite.execute(TestNGXmlTestSuite.java:92)
	at org.apache.maven.surefire.Surefire.run(Surefire.java:177)
	at org.apache.maven.surefire.booter.SurefireBooter.runSuitesInProcess(SurefireBooter.java:334)
	at org.apache.maven.surefire.booter.SurefireBooter.main(SurefireBooter.java:980)
... Removed 30 stack frames]]>
    </failure>
  </testcase> <!-- createComment -->
  <testcase name="createComment" time="0.031" classname="com.netease.comment.CreateComment">
    <failure type="java.lang.AssertionError" message="expected:&amp;lt;201&amp;gt; but was:&amp;lt;404&amp;gt;">
      <![CDATA[java.lang.AssertionError: expected:<201> but was:<404>
	at com.netease.util.ReturnCheck.returnCheck(ReturnCheck.java:42)
	at com.netease.comment.CreateComment.createComment(CreateComment.java:48)
	at org.apache.maven.surefire.testng.TestNGExecutor.run(TestNGExecutor.java:77)
	at org.apache.maven.surefire.testng.TestNGXmlTestSuite.execute(TestNGXmlTestSuite.java:92)
	at org.apache.maven.surefire.Surefire.run(Surefire.java:177)
	at org.apache.maven.surefire.booter.SurefireBooter.runSuitesInProcess(SurefireBooter.java:334)
	at org.apache.maven.surefire.booter.SurefireBooter.main(SurefireBooter.java:980)
... Removed 30 stack frames]]>
    </failure>
  </testcase> <!-- createComment -->
  <testcase name="createComment" time="0.024" classname="com.netease.comment.CreateComment">
    <failure type="java.lang.AssertionError" message="expected:&amp;lt;201&amp;gt; but was:&amp;lt;404&amp;gt;">
      <![CDATA[java.lang.AssertionError: expected:<201> but was:<404>
	at com.netease.util.ReturnCheck.returnCheck(ReturnCheck.java:42)
	at com.netease.comment.CreateComment.createComment(CreateComment.java:48)
	at org.apache.maven.surefire.testng.TestNGExecutor.run(TestNGExecutor.java:77)
	at org.apache.maven.surefire.testng.TestNGXmlTestSuite.execute(TestNGXmlTestSuite.java:92)
	at org.apache.maven.surefire.Surefire.run(Surefire.java:177)
	at org.apache.maven.surefire.booter.SurefireBooter.runSuitesInProcess(SurefireBooter.java:334)
	at org.apache.maven.surefire.booter.SurefireBooter.main(SurefireBooter.java:980)
... Removed 30 stack frames]]>
    </failure>
  </testcase> <!-- createComment -->
  <testcase name="createComment" time="0.024" classname="com.netease.comment.CreateComment">
    <failure type="java.lang.AssertionError" message="expected:&amp;lt;201&amp;gt; but was:&amp;lt;404&amp;gt;">
      <![CDATA[java.lang.AssertionError: expected:<201> but was:<404>
	at com.netease.util.ReturnCheck.returnCheck(ReturnCheck.java:42)
	at com.netease.comment.CreateComment.createComment(CreateComment.java:48)
	at org.apache.maven.surefire.testng.TestNGExecutor.run(TestNGExecutor.java:77)
	at org.apache.maven.surefire.testng.TestNGXmlTestSuite.execute(TestNGXmlTestSuite.java:92)
	at org.apache.maven.surefire.Surefire.run(Surefire.java:177)
	at org.apache.maven.surefire.booter.SurefireBooter.runSuitesInProcess(SurefireBooter.java:334)
	at org.apache.maven.surefire.booter.SurefireBooter.main(SurefireBooter.java:980)
... Removed 30 stack frames]]>
    </failure>
  </testcase> <!-- createComment -->
  <testcase name="createComment" time="0.035" classname="com.netease.comment.CreateComment">
    <failure type="java.lang.AssertionError" message="expected:&amp;lt;422&amp;gt; but was:&amp;lt;404&amp;gt;">
      <![CDATA[java.lang.AssertionError: expected:<422> but was:<404>
	at com.netease.util.ReturnCheck.returnCheck(ReturnCheck.java:42)
	at com.netease.comment.CreateComment.createComment(CreateComment.java:48)
	at org.apache.maven.surefire.testng.TestNGExecutor.run(TestNGExecutor.java:77)
	at org.apache.maven.surefire.testng.TestNGXmlTestSuite.execute(TestNGXmlTestSuite.java:92)
	at org.apache.maven.surefire.Surefire.run(Surefire.java:177)
	at org.apache.maven.surefire.booter.SurefireBooter.runSuitesInProcess(SurefireBooter.java:334)
	at org.apache.maven.surefire.booter.SurefireBooter.main(SurefireBooter.java:980)
... Removed 30 stack frames]]>
    </failure>
  </testcase> <!-- createComment -->
  <testcase name="createComment" time="0.056" classname="com.netease.comment.CreateComment"/>
  <testcase name="createComment" time="0.027" classname="com.netease.comment.CreateComment">
    <failure type="java.lang.AssertionError" message="expected:&amp;lt;422&amp;gt; but was:&amp;lt;404&amp;gt;">
      <![CDATA[java.lang.AssertionError: expected:<422> but was:<404>
	at com.netease.util.ReturnCheck.returnCheck(ReturnCheck.java:42)
	at com.netease.comment.CreateComment.createComment(CreateComment.java:48)
	at org.apache.maven.surefire.testng.TestNGExecutor.run(TestNGExecutor.java:77)
	at org.apache.maven.surefire.testng.TestNGXmlTestSuite.execute(TestNGXmlTestSuite.java:92)
	at org.apache.maven.surefire.Surefire.run(Surefire.java:177)
	at org.apache.maven.surefire.booter.SurefireBooter.runSuitesInProcess(SurefireBooter.java:334)
	at org.apache.maven.surefire.booter.SurefireBooter.main(SurefireBooter.java:980)
... Removed 30 stack frames]]>
    </failure>
  </testcase> <!-- createComment -->
  <testcase name="queryMyComment" time="0.024" classname="com.netease.comment.QueryMyComment"/>
  <testcase name="queryMyComment" time="0.019" classname="com.netease.comment.QueryMyComment"/>
  <testcase name="queryMyComment" time="0.017" classname="com.netease.comment.QueryMyComment"/>
  <testcase name="queryMyComment" time="0.051" classname="com.netease.comment.QueryMyComment"/>
  <testcase name="queryMyComment" time="0.025" classname="com.netease.comment.QueryMyComment"/>
  <testcase name="queryMyComment" time="0.255" classname="com.netease.comment.QueryMyComment"/>
  <testcase name="queryMyComment" time="0.016" classname="com.netease.comment.QueryMyComment"/>
  <testcase name="queryMyComment" time="0.014" classname="com.netease.comment.QueryMyComment"/>
  <testcase name="queryMyComment" time="0.014" classname="com.netease.comment.QueryMyComment"/>
  <testcase name="queryMyComment" time="0.016" classname="com.netease.comment.QueryMyComment"/>
  <testcase name="queryMyComment" time="0.016" classname="com.netease.comment.QueryMyComment"/>
  <testcase name="queryMyComment" time="0.015" classname="com.netease.comment.QueryMyComment"/>
  <testcase name="queryMyComment" time="0.032" classname="com.netease.comment.QueryMyComment"/>
  <testcase name="queryMyComment" time="0.026" classname="com.netease.comment.QueryMyComment"/>
  <testcase name="queryMyComment" time="0.021" classname="com.netease.comment.QueryMyComment"/>
  <testcase name="queryMyComment" time="0.022" classname="com.netease.comment.QueryMyComment"/>
  <testcase name="queryMyComment" time="0.014" classname="com.netease.comment.QueryMyComment"/>
  <testcase name="queryMyComment" time="0.013" classname="com.netease.comment.QueryMyComment"/>
  <testcase name="queryMyComment" time="0.017" classname="com.netease.comment.QueryMyComment"/>
  <testcase name="queryMyComment" time="0.018" classname="com.netease.comment.QueryMyComment"/>
  <testcase name="queryMyComment" time="0.017" classname="com.netease.comment.QueryMyComment"/>
  <testcase name="queryMyComment" time="0.01" classname="com.netease.comment.QueryMyComment"/>
  <testcase name="queryMyComment" time="0.022" classname="com.netease.comment.QueryMyComment"/>
  <testcase name="queryMyComment" time="0.014" classname="com.netease.comment.QueryMyComment"/>
  <testcase name="queryMyComment" time="0.012" classname="com.netease.comment.QueryMyComment"/>
  <testcase name="queryMyComment" time="0.012" classname="com.netease.comment.QueryMyComment"/>
  <testcase name="queryMyComment" time="0.016" classname="com.netease.comment.QueryMyComment"/>
  <testcase name="queryAuthUser" time="0.015" classname="com.netease.user.QueryAuthUser"/>
  <testcase name="queryAuthUser" time="0.013" classname="com.netease.user.QueryAuthUser"/>
  <testcase name="queryAuthUser" time="0.013" classname="com.netease.user.QueryAuthUser"/>
  <testcase name="queryAuthUser" time="0.02" classname="com.netease.user.QueryAuthUser"/>
  <testcase name="queryUser" time="0.014" classname="com.netease.user.QueryUser"/>
  <testcase name="queryUser" time="0.01" classname="com.netease.user.QueryUser"/>
  <testcase name="queryUser" time="0.018" classname="com.netease.user.QueryUser"/>
  <testcase name="queryUser" time="0.019" classname="com.netease.user.QueryUser"/>
  <testcase name="queryUser" time="0.015" classname="com.netease.user.QueryUser"/>
</testsuite> <!-- Test -->
